#
# There is insufficient memory for the Java Runtime Environment to continue.
# Native memory allocation (malloc) failed to allocate 1022576 bytes for Chunk::new
# Possible reasons:
#   The system is out of physical RAM or swap space
#   The process is running with CompressedOops enabled, and the Java Heap may be blocking the growth of the native heap
# Possible solutions:
#   Reduce memory load on the system
#   Increase physical memory or swap space
#   Check if swap backing store is full
#   Decrease Java heap size (-Xmx/-Xms)
#   Decrease number of Java threads
#   Decrease Java thread stack sizes (-Xss)
#   Set larger code cache with -XX:ReservedCodeCacheSize=
#   JVM is running with Zero Based Compressed Oops mode in which the Java heap is
#     placed in the first 32GB address space. The Java Heap base address is the
#     maximum limit for the native heap growth. Please use -XX:HeapBaseMinAddress
#     to set the Java Heap base and to place the Java Heap above 32GB virtual address.
# This output file may be truncated or incomplete.
#
#  Out of Memory Error (./src/hotspot/share/memory/arena.cpp:197), pid=10856, tid=12868
#
# JRE version: OpenJDK Runtime Environment Corretto-11.0.15.9.1 (11.0.15+9) (build 11.0.15+9-LTS)
# Java VM: OpenJDK 64-Bit Server VM Corretto-11.0.15.9.1 (11.0.15+9-LTS, mixed mode, tiered, compressed oops, g1 gc, windows-amd64)
# No core dump will be written. Minidumps are not enabled by default on client versions of Windows
#

---------------  S U M M A R Y ------------

Command Line: -ea -javaagent:C:\Users\ChVN\.m2\repository/org/aspectj/aspectjweaver/1.9.7/aspectjweaver-1.9.7.jar -Didea.test.cyclic.buffer.size=1048576 -javaagent:C:\Program Files\JetBrains\IntelliJ IDEA Community Edition 2022.1\lib\idea_rt.jar=59621:C:\Program Files\JetBrains\IntelliJ IDEA Community Edition 2022.1\bin -Dfile.encoding=UTF-8 com.intellij.rt.junit.JUnitStarter -ideVersion5 -junit4 ConstructorTest,constructorBunsTest

Host: Intel(R) Core(TM) i7-4770 CPU @ 3.40GHz, 8 cores, 15G,  Windows 10 , 64 bit Build 19041 (10.0.19041.1706)
Time: Mon Jul 11 14:43:38 2022 RTZ 4 (s 10 , 64 bit Build 19041 (10.0.19041.1706) elapsed time: 6.776136 seconds (0d 0h 0m 6s)

---------------  T H R E A D  ---------------

Current thread (0x000001a177370800):  JavaThread "C2 CompilerThread1" daemon [_thread_in_native, id=12868, stack(0x0000009571500000,0x0000009571600000)]


Current CompileTask:
C2:   6776 4021       4       org.aspectj.apache.bcel.classfile.Attribute::readAttribute (568 bytes)

Stack: [0x0000009571500000,0x0000009571600000]
Native frames: (J=compiled Java code, j=interpreted, Vv=VM code, C=native code)
V  [jvm.dll+0x61e7ba]
V  [jvm.dll+0x7ab749]
V  [jvm.dll+0x7ace38]
V  [jvm.dll+0x7ad513]
V  [jvm.dll+0x24f968]
V  [jvm.dll+0xc262c]
V  [jvm.dll+0xc2bec]
V  [jvm.dll+0x359ba7]
V  [jvm.dll+0x19e789]
V  [jvm.dll+0x208eb2]
V  [jvm.dll+0x207f8d]
V  [jvm.dll+0x18a371]
V  [jvm.dll+0x2176e4]
V  [jvm.dll+0x21592b]
V  [jvm.dll+0x76e250]
V  [jvm.dll+0x7671b4]
V  [jvm.dll+0x61d616]
C  [ucrtbase.dll+0x21bb2]
C  [KERNEL32.DLL+0x17034]
C  [ntdll.dll+0x52651]


---------------  P R O C E S S  ---------------

Threads class SMR info:
_java_thread_list=0x000001a17b4d14d0, length=28, elements={
0x000001a150c4d800, 0x000001a1768c9800, 0x000001a1768cb000, 0x000001a1771c2800,
0x000001a1771c3800, 0x000001a1771c5000, 0x000001a1771d3000, 0x000001a1771e0000,
0x000001a1771e3800, 0x000001a17730e000, 0x000001a177370800, 0x000001a178312000,
0x000001a17a17e800, 0x000001a17b486800, 0x000001a17ac07800, 0x000001a17b10c800,
0x000001a17a00c800, 0x000001a17aec7800, 0x000001a17c32d800, 0x000001a17b721000,
0x000001a17898f000, 0x000001a17bba4000, 0x000001a17bba4800, 0x000001a17bba2000,
0x000001a17bba3000, 0x000001a17b9da000, 0x000001a17b9e0000, 0x000001a1771db800
}

Java Threads: ( => current thread )
  0x000001a150c4d800 JavaThread "main" [_thread_in_native, id=13264, stack(0x0000009570500000,0x0000009570600000)]
  0x000001a1768c9800 JavaThread "Reference Handler" daemon [_thread_blocked, id=15120, stack(0x0000009570c00000,0x0000009570d00000)]
  0x000001a1768cb000 JavaThread "Finalizer" daemon [_thread_blocked, id=16184, stack(0x0000009570d00000,0x0000009570e00000)]
  0x000001a1771c2800 JavaThread "Signal Dispatcher" daemon [_thread_blocked, id=15640, stack(0x0000009570e00000,0x0000009570f00000)]
  0x000001a1771c3800 JavaThread "Attach Listener" daemon [_thread_blocked, id=10628, stack(0x0000009570f00000,0x0000009571000000)]
  0x000001a1771c5000 JavaThread "Service Thread" daemon [_thread_blocked, id=15036, stack(0x0000009571000000,0x0000009571100000)]
  0x000001a1771d3000 JavaThread "C2 CompilerThread0" daemon [_thread_in_native, id=6452, stack(0x0000009571100000,0x0000009571200000)]
  0x000001a1771e0000 JavaThread "C1 CompilerThread0" daemon [_thread_in_native, id=5112, stack(0x0000009571200000,0x0000009571300000)]
  0x000001a1771e3800 JavaThread "Sweeper thread" daemon [_thread_blocked, id=1004, stack(0x0000009571300000,0x0000009571400000)]
  0x000001a17730e000 JavaThread "Common-Cleaner" daemon [_thread_blocked, id=7568, stack(0x0000009571400000,0x0000009571500000)]
=>0x000001a177370800 JavaThread "C2 CompilerThread1" daemon [_thread_in_native, id=12868, stack(0x0000009571500000,0x0000009571600000)]
  0x000001a178312000 JavaThread "Monitor Ctrl-Break" daemon [_thread_in_native, id=15388, stack(0x0000009571b00000,0x0000009571c00000)]
  0x000001a17a17e800 JavaThread "Exec Default Executor" daemon [_thread_in_native, id=3088, stack(0x0000009571f00000,0x0000009572000000)]
  0x000001a17b486800 JavaThread "UrlChecker-2" daemon [_thread_blocked, id=10328, stack(0x0000009572000000,0x0000009572100000)]
  0x000001a17ac07800 JavaThread "Exec Stream Pumper" daemon [_thread_in_native, id=8100, stack(0x0000009572200000,0x0000009572300000)]
  0x000001a17b10c800 JavaThread "Exec Stream Pumper" daemon [_thread_in_native, id=4852, stack(0x0000009572300000,0x0000009572400000)]
  0x000001a17a00c800 JavaThread "Keep-Alive-Timer" daemon [_thread_blocked, id=4420, stack(0x0000009572400000,0x0000009572500000)]
  0x000001a17aec7800 JavaThread "ForkJoinPool.commonPool-worker-3" daemon [_thread_blocked, id=10400, stack(0x0000009572500000,0x0000009572600000)]
  0x000001a17c32d800 JavaThread "ForkJoinPool.commonPool-worker-5" daemon [_thread_blocked, id=10720, stack(0x0000009572600000,0x0000009572700000)]
  0x000001a17b721000 JavaThread "ForkJoinPool.commonPool-worker-7" daemon [_thread_blocked, id=15744, stack(0x0000009572700000,0x0000009572800000)]
  0x000001a17898f000 JavaThread "ForkJoinPool.commonPool-worker-9" daemon [_thread_blocked, id=13544, stack(0x0000009572800000,0x0000009572900000)]
  0x000001a17bba4000 JavaThread "ForkJoinPool.commonPool-worker-11" daemon [_thread_blocked, id=16028, stack(0x0000009572900000,0x0000009572a00000)]
  0x000001a17bba4800 JavaThread "ForkJoinPool.commonPool-worker-13" daemon [_thread_blocked, id=11120, stack(0x0000009572a00000,0x0000009572b00000)]
  0x000001a17bba2000 JavaThread "ForkJoinPool.commonPool-worker-15" daemon [_thread_blocked, id=7496, stack(0x0000009572b00000,0x0000009572c00000)]
  0x000001a17bba3000 JavaThread "OkHttp ConnectionPool" daemon [_thread_blocked, id=15132, stack(0x0000009572c00000,0x0000009572d00000)]
  0x000001a17b9da000 JavaThread "Okio Watchdog" daemon [_thread_blocked, id=16104, stack(0x0000009572d00000,0x0000009572e00000)]
  0x000001a17b9e0000 JavaThread "Webdrivers killer thread" daemon [_thread_blocked, id=12492, stack(0x0000009572e00000,0x0000009572f00000)]
  0x000001a1771db800 JavaThread "C2 CompilerThread2" daemon [_thread_in_native, id=15260, stack(0x0000009571d00000,0x0000009571e00000)]

Other Threads:
  0x000001a1768b8000 VMThread "VM Thread" [stack: 0x0000009570b00000,0x0000009570c00000] [id=6392]
  0x000001a1779ce800 WatcherThread [stack: 0x0000009571c00000,0x0000009571d00000] [id=10776]
  0x000001a150c66000 GCTaskThread "GC Thread#0" [stack: 0x0000009570600000,0x0000009570700000] [id=16304]
  0x000001a177b04800 GCTaskThread "GC Thread#1" [stack: 0x0000009571600000,0x0000009571700000] [id=7200]
  0x000001a1779c5800 GCTaskThread "GC Thread#2" [stack: 0x0000009571700000,0x0000009571800000] [id=1096]
  0x000001a178221000 GCTaskThread "GC Thread#3" [stack: 0x0000009571800000,0x0000009571900000] [id=8996]
  0x000001a178265800 GCTaskThread "GC Thread#4" [stack: 0x0000009571900000,0x0000009571a00000] [id=2384]
  0x000001a17835e800 GCTaskThread "GC Thread#5" [stack: 0x0000009571a00000,0x0000009571b00000] [id=12488]
  0x000001a150cc1000 ConcurrentGCThread "G1 Main Marker" [stack: 0x0000009570700000,0x0000009570800000] [id=1488]
  0x000001a150cc5800 ConcurrentGCThread "G1 Conc#0" [stack: 0x0000009570800000,0x0000009570900000] [id=6708]
  0x000001a17b7fa000 ConcurrentGCThread "G1 Conc#1" [stack: 0x0000009571e00000,0x0000009571f00000] [id=1808]
  0x000001a176798800 ConcurrentGCThread "G1 Refine#0" [stack: 0x0000009570900000,0x0000009570a00000] [id=4660]
  0x000001a176799000 ConcurrentGCThread "G1 Young RemSet Sampling" [stack: 0x0000009570a00000,0x0000009570b00000] [id=7120]

Threads with active compile tasks:
C2 CompilerThread0     6798 4008       4       org.aspectj.weaver.UnresolvedType::resolve (6 bytes)
C1 CompilerThread0     6798 4361   !   2       org.aspectj.apache.bcel.generic.Instruction::readInstruction (1235 bytes)
C2 CompilerThread1     6798 4021       4       org.aspectj.apache.bcel.classfile.Attribute::readAttribute (568 bytes)
C2 CompilerThread2     6798 4007       4       org.aspectj.apache.bcel.generic.ClassGen::<init> (500 bytes)

VM state:not at safepoint (normal execution)

VM Mutex/Monitor currently owned by a thread: None

Heap address: 0x0000000701e00000, size: 4066 MB, Compressed Oops mode: Zero based, Oop shift amount: 3
Narrow klass base: 0x0000000800000000, Narrow klass shift: 0
Compressed class space size: 1073741824 Address: 0x0000000800000000

Heap:
 garbage-first heap   total 262144K, used 131189K [0x0000000701e00000, 0x0000000800000000)
  region size 1024K, 109 young (111616K), 19 survivors (19456K)
 Metaspace       used 39474K, capacity 40234K, committed 40320K, reserved 1085440K
  class space    used 4109K, capacity 4428K, committed 4480K, reserved 1048576K
Heap Regions: E=young(eden), S=young(survivor), O=old, HS=humongous(starts), HC=humongous(continues), CS=collection set, F=free, A=archive, TAMS=top-at-mark-start (previous, next)
|   0|0x0000000701e00000, 0x0000000701f00000, 0x0000000701f00000|100%| O|  |TAMS 0x0000000701f00000, 0x0000000701e00000| Untracked 
|   1|0x0000000701f00000, 0x0000000702000000, 0x0000000702000000|100%| O|  |TAMS 0x0000000702000000, 0x0000000701f00000| Untracked 
|   2|0x0000000702000000, 0x0000000702100000, 0x0000000702100000|100%| O|  |TAMS 0x0000000702100000, 0x0000000702000000| Untracked 
|   3|0x0000000702100000, 0x0000000702200000, 0x0000000702200000|100%| O|  |TAMS 0x0000000702200000, 0x0000000702100000| Untracked 
|   4|0x0000000702200000, 0x0000000702300000, 0x0000000702300000|100%| O|  |TAMS 0x0000000702300000, 0x0000000702200000| Untracked 
|   5|0x0000000702300000, 0x0000000702400000, 0x0000000702400000|100%| O|  |TAMS 0x0000000702400000, 0x0000000702300000| Untracked 
|   6|0x0000000702400000, 0x0000000702500000, 0x0000000702500000|100%| O|  |TAMS 0x0000000702500000, 0x0000000702400000| Untracked 
|   7|0x0000000702500000, 0x0000000702600000, 0x0000000702600000|100%| O|  |TAMS 0x0000000702600000, 0x0000000702500000| Untracked 
|   8|0x0000000702600000, 0x0000000702700000, 0x0000000702700000|100%| O|  |TAMS 0x0000000702700000, 0x0000000702600000| Untracked 
|   9|0x0000000702700000, 0x0000000702800000, 0x0000000702800000|100%| O|  |TAMS 0x0000000702800000, 0x0000000702700000| Untracked 
|  10|0x0000000702800000, 0x0000000702900000, 0x0000000702900000|100%| O|  |TAMS 0x0000000702900000, 0x0000000702800000| Untracked 
|  11|0x0000000702900000, 0x0000000702a00000, 0x0000000702a00000|100%| O|  |TAMS 0x0000000702a00000, 0x0000000702900000| Untracked 
|  12|0x0000000702a00000, 0x0000000702b00000, 0x0000000702b00000|100%| O|  |TAMS 0x0000000702b00000, 0x0000000702a00000| Untracked 
|  13|0x0000000702b00000, 0x0000000702c00000, 0x0000000702c00000|100%| O|  |TAMS 0x0000000702c00000, 0x0000000702b00000| Untracked 
|  14|0x0000000702c00000, 0x0000000702d00000, 0x0000000702d00000|100%| O|  |TAMS 0x0000000702d00000, 0x0000000702c00000| Untracked 
|  15|0x0000000702d00000, 0x0000000702e00000, 0x0000000702e00000|100%| O|  |TAMS 0x0000000702e00000, 0x0000000702d00000| Untracked 
|  16|0x0000000702e00000, 0x0000000702f00000, 0x0000000702f00000|100%| O|  |TAMS 0x0000000702f00000, 0x0000000702e00000| Untracked 
|  17|0x0000000702f00000, 0x0000000703000000, 0x0000000703000000|100%| O|  |TAMS 0x0000000703000000, 0x0000000702f00000| Untracked 
|  18|0x0000000703000000, 0x0000000703100000, 0x0000000703100000|100%| O|  |TAMS 0x0000000703100000, 0x0000000703000000| Untracked 
|  19|0x0000000703100000, 0x0000000703200000, 0x0000000703200000|100%| O|  |TAMS 0x0000000703200000, 0x0000000703100000| Untracked 
|  20|0x0000000703200000, 0x0000000703300000, 0x0000000703300000|100%| O|  |TAMS 0x0000000703300000, 0x0000000703200000| Untracked 
|  21|0x0000000703300000, 0x0000000703345e00, 0x0000000703400000| 27%| O|  |TAMS 0x0000000703345e00, 0x0000000703300000| Untracked 
|  22|0x0000000703400000, 0x0000000703400000, 0x0000000703500000|  0%| F|  |TAMS 0x0000000703400000, 0x0000000703400000| Untracked 
|  23|0x0000000703500000, 0x0000000703500000, 0x0000000703600000|  0%| F|  |TAMS 0x0000000703500000, 0x0000000703500000| Untracked 
|  24|0x0000000703600000, 0x0000000703600000, 0x0000000703700000|  0%| F|  |TAMS 0x0000000703600000, 0x0000000703600000| Untracked 
|  25|0x0000000703700000, 0x0000000703700000, 0x0000000703800000|  0%| F|  |TAMS 0x0000000703700000, 0x0000000703700000| Untracked 
|  26|0x0000000703800000, 0x0000000703800000, 0x0000000703900000|  0%| F|  |TAMS 0x0000000703800000, 0x0000000703800000| Untracked 
|  27|0x0000000703900000, 0x0000000703900000, 0x0000000703a00000|  0%| F|  |TAMS 0x0000000703900000, 0x0000000703900000| Untracked 
|  28|0x0000000703a00000, 0x0000000703a00000, 0x0000000703b00000|  0%| F|  |TAMS 0x0000000703a00000, 0x0000000703a00000| Untracked 
|  29|0x0000000703b00000, 0x0000000703b00000, 0x0000000703c00000|  0%| F|  |TAMS 0x0000000703b00000, 0x0000000703b00000| Untracked 
|  30|0x0000000703c00000, 0x0000000703c00000, 0x0000000703d00000|  0%| F|  |TAMS 0x0000000703c00000, 0x0000000703c00000| Untracked 
|  31|0x0000000703d00000, 0x0000000703d00000, 0x0000000703e00000|  0%| F|  |TAMS 0x0000000703d00000, 0x0000000703d00000| Untracked 
|  32|0x0000000703e00000, 0x0000000703e00000, 0x0000000703f00000|  0%| F|  |TAMS 0x0000000703e00000, 0x0000000703e00000| Untracked 
|  33|0x0000000703f00000, 0x0000000703f00000, 0x0000000704000000|  0%| F|  |TAMS 0x0000000703f00000, 0x0000000703f00000| Untracked 
|  34|0x0000000704000000, 0x0000000704000000, 0x0000000704100000|  0%| F|  |TAMS 0x0000000704000000, 0x0000000704000000| Untracked 
|  35|0x0000000704100000, 0x0000000704100000, 0x0000000704200000|  0%| F|  |TAMS 0x0000000704100000, 0x0000000704100000| Untracked 
|  36|0x0000000704200000, 0x0000000704200000, 0x0000000704300000|  0%| F|  |TAMS 0x0000000704200000, 0x0000000704200000| Untracked 
|  37|0x0000000704300000, 0x0000000704300000, 0x0000000704400000|  0%| F|  |TAMS 0x0000000704300000, 0x0000000704300000| Untracked 
|  38|0x0000000704400000, 0x0000000704400000, 0x0000000704500000|  0%| F|  |TAMS 0x0000000704400000, 0x0000000704400000| Untracked 
|  39|0x0000000704500000, 0x0000000704500000, 0x0000000704600000|  0%| F|  |TAMS 0x0000000704500000, 0x0000000704500000| Untracked 
|  40|0x0000000704600000, 0x0000000704600000, 0x0000000704700000|  0%| F|  |TAMS 0x0000000704600000, 0x0000000704600000| Untracked 
|  41|0x0000000704700000, 0x0000000704700000, 0x0000000704800000|  0%| F|  |TAMS 0x0000000704700000, 0x0000000704700000| Untracked 
|  42|0x0000000704800000, 0x0000000704800000, 0x0000000704900000|  0%| F|  |TAMS 0x0000000704800000, 0x0000000704800000| Untracked 
|  43|0x0000000704900000, 0x0000000704900000, 0x0000000704a00000|  0%| F|  |TAMS 0x0000000704900000, 0x0000000704900000| Untracked 
|  44|0x0000000704a00000, 0x0000000704a00000, 0x0000000704b00000|  0%| F|  |TAMS 0x0000000704a00000, 0x0000000704a00000| Untracked 
|  45|0x0000000704b00000, 0x0000000704b00000, 0x0000000704c00000|  0%| F|  |TAMS 0x0000000704b00000, 0x0000000704b00000| Untracked 
|  46|0x0000000704c00000, 0x0000000704c00000, 0x0000000704d00000|  0%| F|  |TAMS 0x0000000704c00000, 0x0000000704c00000| Untracked 
|  47|0x0000000704d00000, 0x0000000704d00000, 0x0000000704e00000|  0%| F|  |TAMS 0x0000000704d00000, 0x0000000704d00000| Untracked 
|  48|0x0000000704e00000, 0x0000000704e00000, 0x0000000704f00000|  0%| F|  |TAMS 0x0000000704e00000, 0x0000000704e00000| Untracked 
|  49|0x0000000704f00000, 0x0000000704f00000, 0x0000000705000000|  0%| F|  |TAMS 0x0000000704f00000, 0x0000000704f00000| Untracked 
|  50|0x0000000705000000, 0x0000000705000000, 0x0000000705100000|  0%| F|  |TAMS 0x0000000705000000, 0x0000000705000000| Untracked 
|  51|0x0000000705100000, 0x0000000705100000, 0x0000000705200000|  0%| F|  |TAMS 0x0000000705100000, 0x0000000705100000| Untracked 
|  52|0x0000000705200000, 0x0000000705200000, 0x0000000705300000|  0%| F|  |TAMS 0x0000000705200000, 0x0000000705200000| Untracked 
|  53|0x0000000705300000, 0x0000000705300000, 0x0000000705400000|  0%| F|  |TAMS 0x0000000705300000, 0x0000000705300000| Untracked 
|  54|0x0000000705400000, 0x0000000705400000, 0x0000000705500000|  0%| F|  |TAMS 0x0000000705400000, 0x0000000705400000| Untracked 
|  55|0x0000000705500000, 0x0000000705500000, 0x0000000705600000|  0%| F|  |TAMS 0x0000000705500000, 0x0000000705500000| Untracked 
|  56|0x0000000705600000, 0x0000000705600000, 0x0000000705700000|  0%| F|  |TAMS 0x0000000705600000, 0x0000000705600000| Untracked 
|  57|0x0000000705700000, 0x0000000705700000, 0x0000000705800000|  0%| F|  |TAMS 0x0000000705700000, 0x0000000705700000| Untracked 
|  58|0x0000000705800000, 0x0000000705800000, 0x0000000705900000|  0%| F|  |TAMS 0x0000000705800000, 0x0000000705800000| Untracked 
|  59|0x0000000705900000, 0x0000000705900000, 0x0000000705a00000|  0%| F|  |TAMS 0x0000000705900000, 0x0000000705900000| Untracked 
|  60|0x0000000705a00000, 0x0000000705a00000, 0x0000000705b00000|  0%| F|  |TAMS 0x0000000705a00000, 0x0000000705a00000| Untracked 
|  61|0x0000000705b00000, 0x0000000705b00000, 0x0000000705c00000|  0%| F|  |TAMS 0x0000000705b00000, 0x0000000705b00000| Untracked 
|  62|0x0000000705c00000, 0x0000000705c00000, 0x0000000705d00000|  0%| F|  |TAMS 0x0000000705c00000, 0x0000000705c00000| Untracked 
|  63|0x0000000705d00000, 0x0000000705d00000, 0x0000000705e00000|  0%| F|  |TAMS 0x0000000705d00000, 0x0000000705d00000| Untracked 
|  64|0x0000000705e00000, 0x0000000705e00000, 0x0000000705f00000|  0%| F|  |TAMS 0x0000000705e00000, 0x0000000705e00000| Untracked 
|  65|0x0000000705f00000, 0x0000000705f00000, 0x0000000706000000|  0%| F|  |TAMS 0x0000000705f00000, 0x0000000705f00000| Untracked 
|  66|0x0000000706000000, 0x0000000706000000, 0x0000000706100000|  0%| F|  |TAMS 0x0000000706000000, 0x0000000706000000| Untracked 
|  67|0x0000000706100000, 0x0000000706100000, 0x0000000706200000|  0%| F|  |TAMS 0x0000000706100000, 0x0000000706100000| Untracked 
|  68|0x0000000706200000, 0x0000000706200000, 0x0000000706300000|  0%| F|  |TAMS 0x0000000706200000, 0x0000000706200000| Untracked 
|  69|0x0000000706300000, 0x0000000706300000, 0x0000000706400000|  0%| F|  |TAMS 0x0000000706300000, 0x0000000706300000| Untracked 
|  70|0x0000000706400000, 0x0000000706400000, 0x0000000706500000|  0%| F|  |TAMS 0x0000000706400000, 0x0000000706400000| Untracked 
|  71|0x0000000706500000, 0x0000000706500000, 0x0000000706600000|  0%| F|  |TAMS 0x0000000706500000, 0x0000000706500000| Untracked 
|  72|0x0000000706600000, 0x0000000706600000, 0x0000000706700000|  0%| F|  |TAMS 0x0000000706600000, 0x0000000706600000| Untracked 
|  73|0x0000000706700000, 0x0000000706700000, 0x0000000706800000|  0%| F|  |TAMS 0x0000000706700000, 0x0000000706700000| Untracked 
|  74|0x0000000706800000, 0x0000000706800000, 0x0000000706900000|  0%| F|  |TAMS 0x0000000706800000, 0x0000000706800000| Untracked 
|  75|0x0000000706900000, 0x0000000706900000, 0x0000000706a00000|  0%| F|  |TAMS 0x0000000706900000, 0x0000000706900000| Untracked 
|  76|0x0000000706a00000, 0x0000000706a00000, 0x0000000706b00000|  0%| F|  |TAMS 0x0000000706a00000, 0x0000000706a00000| Untracked 
|  77|0x0000000706b00000, 0x0000000706b00000, 0x0000000706c00000|  0%| F|  |TAMS 0x0000000706b00000, 0x0000000706b00000| Untracked 
|  78|0x0000000706c00000, 0x0000000706c00000, 0x0000000706d00000|  0%| F|  |TAMS 0x0000000706c00000, 0x0000000706c00000| Untracked 
|  79|0x0000000706d00000, 0x0000000706d00000, 0x0000000706e00000|  0%| F|  |TAMS 0x0000000706d00000, 0x0000000706d00000| Untracked 
|  80|0x0000000706e00000, 0x0000000706e00000, 0x0000000706f00000|  0%| F|  |TAMS 0x0000000706e00000, 0x0000000706e00000| Untracked 
|  81|0x0000000706f00000, 0x0000000706f00000, 0x0000000707000000|  0%| F|  |TAMS 0x0000000706f00000, 0x0000000706f00000| Untracked 
|  82|0x0000000707000000, 0x0000000707000000, 0x0000000707100000|  0%| F|  |TAMS 0x0000000707000000, 0x0000000707000000| Untracked 
|  83|0x0000000707100000, 0x0000000707100000, 0x0000000707200000|  0%| F|  |TAMS 0x0000000707100000, 0x0000000707100000| Untracked 
|  84|0x0000000707200000, 0x0000000707200000, 0x0000000707300000|  0%| F|  |TAMS 0x0000000707200000, 0x0000000707200000| Untracked 
|  85|0x0000000707300000, 0x0000000707300000, 0x0000000707400000|  0%| F|  |TAMS 0x0000000707300000, 0x0000000707300000| Untracked 
|  86|0x0000000707400000, 0x0000000707400000, 0x0000000707500000|  0%| F|  |TAMS 0x0000000707400000, 0x0000000707400000| Untracked 
|  87|0x0000000707500000, 0x0000000707500000, 0x0000000707600000|  0%| F|  |TAMS 0x0000000707500000, 0x0000000707500000| Untracked 
|  88|0x0000000707600000, 0x0000000707600000, 0x0000000707700000|  0%| F|  |TAMS 0x0000000707600000, 0x0000000707600000| Untracked 
|  89|0x0000000707700000, 0x0000000707700000, 0x0000000707800000|  0%| F|  |TAMS 0x0000000707700000, 0x0000000707700000| Untracked 
|  90|0x0000000707800000, 0x0000000707800000, 0x0000000707900000|  0%| F|  |TAMS 0x0000000707800000, 0x0000000707800000| Untracked 
|  91|0x0000000707900000, 0x0000000707900000, 0x0000000707a00000|  0%| F|  |TAMS 0x0000000707900000, 0x0000000707900000| Untracked 
|  92|0x0000000707a00000, 0x0000000707a00000, 0x0000000707b00000|  0%| F|  |TAMS 0x0000000707a00000, 0x0000000707a00000| Untracked 
|  93|0x0000000707b00000, 0x0000000707b00000, 0x0000000707c00000|  0%| F|  |TAMS 0x0000000707b00000, 0x0000000707b00000| Untracked 
|  94|0x0000000707c00000, 0x0000000707c00000, 0x0000000707d00000|  0%| F|  |TAMS 0x0000000707c00000, 0x0000000707c00000| Untracked 
|  95|0x0000000707d00000, 0x0000000707d00000, 0x0000000707e00000|  0%| F|  |TAMS 0x0000000707d00000, 0x0000000707d00000| Untracked 
|  96|0x0000000707e00000, 0x0000000707ed7840, 0x0000000707f00000| 84%| S|CS|TAMS 0x0000000707e00000, 0x0000000707e00000| Complete 
|  97|0x0000000707f00000, 0x0000000708000000, 0x0000000708000000|100%| S|CS|TAMS 0x0000000707f00000, 0x0000000707f00000| Complete 
|  98|0x0000000708000000, 0x0000000708100000, 0x0000000708100000|100%| S|CS|TAMS 0x0000000708000000, 0x0000000708000000| Complete 
|  99|0x0000000708100000, 0x0000000708200000, 0x0000000708200000|100%| S|CS|TAMS 0x0000000708100000, 0x0000000708100000| Complete 
| 100|0x0000000708200000, 0x0000000708300000, 0x0000000708300000|100%| S|CS|TAMS 0x0000000708200000, 0x0000000708200000| Complete 
| 101|0x0000000708300000, 0x0000000708400000, 0x0000000708400000|100%| S|CS|TAMS 0x0000000708300000, 0x0000000708300000| Complete 
| 102|0x0000000708400000, 0x0000000708500000, 0x0000000708500000|100%| S|CS|TAMS 0x0000000708400000, 0x0000000708400000| Complete 
| 103|0x0000000708500000, 0x0000000708600000, 0x0000000708600000|100%| S|CS|TAMS 0x0000000708500000, 0x0000000708500000| Complete 
| 104|0x0000000708600000, 0x0000000708700000, 0x0000000708700000|100%| S|CS|TAMS 0x0000000708600000, 0x0000000708600000| Complete 
| 105|0x0000000708700000, 0x0000000708800000, 0x0000000708800000|100%| S|CS|TAMS 0x0000000708700000, 0x0000000708700000| Complete 
| 106|0x0000000708800000, 0x0000000708900000, 0x0000000708900000|100%| S|CS|TAMS 0x0000000708800000, 0x0000000708800000| Complete 
| 107|0x0000000708900000, 0x0000000708a00000, 0x0000000708a00000|100%| S|CS|TAMS 0x0000000708900000, 0x0000000708900000| Complete 
| 108|0x0000000708a00000, 0x0000000708b00000, 0x0000000708b00000|100%| S|CS|TAMS 0x0000000708a00000, 0x0000000708a00000| Complete 
| 109|0x0000000708b00000, 0x0000000708c00000, 0x0000000708c00000|100%| S|CS|TAMS 0x0000000708b00000, 0x0000000708b00000| Complete 
| 110|0x0000000708c00000, 0x0000000708d00000, 0x0000000708d00000|100%| S|CS|TAMS 0x0000000708c00000, 0x0000000708c00000| Complete 
| 111|0x0000000708d00000, 0x0000000708e00000, 0x0000000708e00000|100%| S|CS|TAMS 0x0000000708d00000, 0x0000000708d00000| Complete 
| 112|0x0000000708e00000, 0x0000000708f00000, 0x0000000708f00000|100%| S|CS|TAMS 0x0000000708e00000, 0x0000000708e00000| Complete 
| 113|0x0000000708f00000, 0x0000000709000000, 0x0000000709000000|100%| S|CS|TAMS 0x0000000708f00000, 0x0000000708f00000| Complete 
| 114|0x0000000709000000, 0x0000000709100000, 0x0000000709100000|100%| S|CS|TAMS 0x0000000709000000, 0x0000000709000000| Complete 
| 115|0x0000000709100000, 0x0000000709100000, 0x0000000709200000|  0%| F|  |TAMS 0x0000000709100000, 0x0000000709100000| Untracked 
| 116|0x0000000709200000, 0x0000000709200000, 0x0000000709300000|  0%| F|  |TAMS 0x0000000709200000, 0x0000000709200000| Untracked 
| 117|0x0000000709300000, 0x0000000709300000, 0x0000000709400000|  0%| F|  |TAMS 0x0000000709300000, 0x0000000709300000| Untracked 
| 118|0x0000000709400000, 0x0000000709400000, 0x0000000709500000|  0%| F|  |TAMS 0x0000000709400000, 0x0000000709400000| Untracked 
| 119|0x0000000709500000, 0x0000000709500000, 0x0000000709600000|  0%| F|  |TAMS 0x0000000709500000, 0x0000000709500000| Untracked 
| 120|0x0000000709600000, 0x0000000709600000, 0x0000000709700000|  0%| F|  |TAMS 0x0000000709600000, 0x0000000709600000| Untracked 
| 121|0x0000000709700000, 0x0000000709700000, 0x0000000709800000|  0%| F|  |TAMS 0x0000000709700000, 0x0000000709700000| Untracked 
| 122|0x0000000709800000, 0x0000000709800000, 0x0000000709900000|  0%| F|  |TAMS 0x0000000709800000, 0x0000000709800000| Untracked 
| 123|0x0000000709900000, 0x0000000709900000, 0x0000000709a00000|  0%| F|  |TAMS 0x0000000709900000, 0x0000000709900000| Untracked 
| 124|0x0000000709a00000, 0x0000000709a00000, 0x0000000709b00000|  0%| F|  |TAMS 0x0000000709a00000, 0x0000000709a00000| Untracked 
| 125|0x0000000709b00000, 0x0000000709b00000, 0x0000000709c00000|  0%| F|  |TAMS 0x0000000709b00000, 0x0000000709b00000| Untracked 
| 126|0x0000000709c00000, 0x0000000709c00000, 0x0000000709d00000|  0%| F|  |TAMS 0x0000000709c00000, 0x0000000709c00000| Untracked 
| 127|0x0000000709d00000, 0x0000000709d00000, 0x0000000709e00000|  0%| F|  |TAMS 0x0000000709d00000, 0x0000000709d00000| Untracked 
| 128|0x0000000709e00000, 0x0000000709e00000, 0x0000000709f00000|  0%| F|  |TAMS 0x0000000709e00000, 0x0000000709e00000| Untracked 
| 129|0x0000000709f00000, 0x0000000709f00000, 0x000000070a000000|  0%| F|  |TAMS 0x0000000709f00000, 0x0000000709f00000| Untracked 
| 130|0x000000070a000000, 0x000000070a000000, 0x000000070a100000|  0%| F|  |TAMS 0x000000070a000000, 0x000000070a000000| Untracked 
| 131|0x000000070a100000, 0x000000070a100000, 0x000000070a200000|  0%| F|  |TAMS 0x000000070a100000, 0x000000070a100000| Untracked 
| 132|0x000000070a200000, 0x000000070a200000, 0x000000070a300000|  0%| F|  |TAMS 0x000000070a200000, 0x000000070a200000| Untracked 
| 133|0x000000070a300000, 0x000000070a300000, 0x000000070a400000|  0%| F|  |TAMS 0x000000070a300000, 0x000000070a300000| Untracked 
| 134|0x000000070a400000, 0x000000070a400000, 0x000000070a500000|  0%| F|  |TAMS 0x000000070a400000, 0x000000070a400000| Untracked 
| 135|0x000000070a500000, 0x000000070a500000, 0x000000070a600000|  0%| F|  |TAMS 0x000000070a500000, 0x000000070a500000| Untracked 
| 136|0x000000070a600000, 0x000000070a600000, 0x000000070a700000|  0%| F|  |TAMS 0x000000070a600000, 0x000000070a600000| Untracked 
| 137|0x000000070a700000, 0x000000070a700000, 0x000000070a800000|  0%| F|  |TAMS 0x000000070a700000, 0x000000070a700000| Untracked 
| 138|0x000000070a800000, 0x000000070a800000, 0x000000070a900000|  0%| F|  |TAMS 0x000000070a800000, 0x000000070a800000| Untracked 
| 139|0x000000070a900000, 0x000000070a900000, 0x000000070aa00000|  0%| F|  |TAMS 0x000000070a900000, 0x000000070a900000| Untracked 
| 140|0x000000070aa00000, 0x000000070aa00000, 0x000000070ab00000|  0%| F|  |TAMS 0x000000070aa00000, 0x000000070aa00000| Untracked 
| 141|0x000000070ab00000, 0x000000070ab00000, 0x000000070ac00000|  0%| F|  |TAMS 0x000000070ab00000, 0x000000070ab00000| Untracked 
| 142|0x000000070ac00000, 0x000000070ac00000, 0x000000070ad00000|  0%| F|  |TAMS 0x000000070ac00000, 0x000000070ac00000| Untracked 
| 143|0x000000070ad00000, 0x000000070ad00000, 0x000000070ae00000|  0%| F|  |TAMS 0x000000070ad00000, 0x000000070ad00000| Untracked 
| 144|0x000000070ae00000, 0x000000070ae00000, 0x000000070af00000|  0%| F|  |TAMS 0x000000070ae00000, 0x000000070ae00000| Untracked 
| 145|0x000000070af00000, 0x000000070af00000, 0x000000070b000000|  0%| F|  |TAMS 0x000000070af00000, 0x000000070af00000| Untracked 
| 146|0x000000070b000000, 0x000000070b000000, 0x000000070b100000|  0%| F|  |TAMS 0x000000070b000000, 0x000000070b000000| Untracked 
| 147|0x000000070b100000, 0x000000070b100000, 0x000000070b200000|  0%| F|  |TAMS 0x000000070b100000, 0x000000070b100000| Untracked 
| 148|0x000000070b200000, 0x000000070b200000, 0x000000070b300000|  0%| F|  |TAMS 0x000000070b200000, 0x000000070b200000| Untracked 
| 149|0x000000070b300000, 0x000000070b300000, 0x000000070b400000|  0%| F|  |TAMS 0x000000070b300000, 0x000000070b300000| Untracked 
| 150|0x000000070b400000, 0x000000070b400000, 0x000000070b500000|  0%| F|  |TAMS 0x000000070b400000, 0x000000070b400000| Untracked 
| 151|0x000000070b500000, 0x000000070b500000, 0x000000070b600000|  0%| F|  |TAMS 0x000000070b500000, 0x000000070b500000| Untracked 
| 152|0x000000070b600000, 0x000000070b600000, 0x000000070b700000|  0%| F|  |TAMS 0x000000070b600000, 0x000000070b600000| Untracked 
| 153|0x000000070b700000, 0x000000070b700000, 0x000000070b800000|  0%| F|  |TAMS 0x000000070b700000, 0x000000070b700000| Untracked 
| 154|0x000000070b800000, 0x000000070b800000, 0x000000070b900000|  0%| F|  |TAMS 0x000000070b800000, 0x000000070b800000| Untracked 
| 155|0x000000070b900000, 0x000000070b900000, 0x000000070ba00000|  0%| F|  |TAMS 0x000000070b900000, 0x000000070b900000| Untracked 
| 156|0x000000070ba00000, 0x000000070ba00000, 0x000000070bb00000|  0%| F|  |TAMS 0x000000070ba00000, 0x000000070ba00000| Untracked 
| 157|0x000000070bb00000, 0x000000070bb00000, 0x000000070bc00000|  0%| F|  |TAMS 0x000000070bb00000, 0x000000070bb00000| Untracked 
| 158|0x000000070bc00000, 0x000000070bc00000, 0x000000070bd00000|  0%| F|  |TAMS 0x000000070bc00000, 0x000000070bc00000| Untracked 
| 159|0x000000070bd00000, 0x000000070bd00000, 0x000000070be00000|  0%| F|  |TAMS 0x000000070bd00000, 0x000000070bd00000| Untracked 
| 160|0x000000070be00000, 0x000000070be00000, 0x000000070bf00000|  0%| F|  |TAMS 0x000000070be00000, 0x000000070be00000| Untracked 
| 161|0x000000070bf00000, 0x000000070bf00000, 0x000000070c000000|  0%| F|  |TAMS 0x000000070bf00000, 0x000000070bf00000| Untracked 
| 162|0x000000070c000000, 0x000000070c000000, 0x000000070c100000|  0%| F|  |TAMS 0x000000070c000000, 0x000000070c000000| Untracked 
| 163|0x000000070c100000, 0x000000070c100000, 0x000000070c200000|  0%| F|  |TAMS 0x000000070c100000, 0x000000070c100000| Untracked 
| 164|0x000000070c200000, 0x000000070c200000, 0x000000070c300000|  0%| F|  |TAMS 0x000000070c200000, 0x000000070c200000| Untracked 
| 165|0x000000070c300000, 0x000000070c300000, 0x000000070c400000|  0%| F|  |TAMS 0x000000070c300000, 0x000000070c300000| Untracked 
| 166|0x000000070c400000, 0x000000070c480800, 0x000000070c500000| 50%| E|  |TAMS 0x000000070c400000, 0x000000070c400000| Complete 
| 167|0x000000070c500000, 0x000000070c600000, 0x000000070c600000|100%| E|CS|TAMS 0x000000070c500000, 0x000000070c500000| Complete 
| 168|0x000000070c600000, 0x000000070c700000, 0x000000070c700000|100%| E|CS|TAMS 0x000000070c600000, 0x000000070c600000| Complete 
| 169|0x000000070c700000, 0x000000070c800000, 0x000000070c800000|100%| E|CS|TAMS 0x000000070c700000, 0x000000070c700000| Complete 
| 170|0x000000070c800000, 0x000000070c900000, 0x000000070c900000|100%| E|CS|TAMS 0x000000070c800000, 0x000000070c800000| Complete 
| 171|0x000000070c900000, 0x000000070ca00000, 0x000000070ca00000|100%| E|CS|TAMS 0x000000070c900000, 0x000000070c900000| Complete 
| 172|0x000000070ca00000, 0x000000070cb00000, 0x000000070cb00000|100%| E|CS|TAMS 0x000000070ca00000, 0x000000070ca00000| Complete 
| 173|0x000000070cb00000, 0x000000070cc00000, 0x000000070cc00000|100%| E|CS|TAMS 0x000000070cb00000, 0x000000070cb00000| Complete 
| 174|0x000000070cc00000, 0x000000070cd00000, 0x000000070cd00000|100%| E|CS|TAMS 0x000000070cc00000, 0x000000070cc00000| Complete 
| 175|0x000000070cd00000, 0x000000070ce00000, 0x000000070ce00000|100%| E|CS|TAMS 0x000000070cd00000, 0x000000070cd00000| Complete 
| 176|0x000000070ce00000, 0x000000070cf00000, 0x000000070cf00000|100%| E|CS|TAMS 0x000000070ce00000, 0x000000070ce00000| Complete 
| 177|0x000000070cf00000, 0x000000070d000000, 0x000000070d000000|100%| E|CS|TAMS 0x000000070cf00000, 0x000000070cf00000| Complete 
| 178|0x000000070d000000, 0x000000070d100000, 0x000000070d100000|100%| E|CS|TAMS 0x000000070d000000, 0x000000070d000000| Complete 
| 179|0x000000070d100000, 0x000000070d200000, 0x000000070d200000|100%| E|CS|TAMS 0x000000070d100000, 0x000000070d100000| Complete 
| 180|0x000000070d200000, 0x000000070d300000, 0x000000070d300000|100%| E|CS|TAMS 0x000000070d200000, 0x000000070d200000| Complete 
| 181|0x000000070d300000, 0x000000070d400000, 0x000000070d400000|100%| E|CS|TAMS 0x000000070d300000, 0x000000070d300000| Complete 
| 182|0x000000070d400000, 0x000000070d500000, 0x000000070d500000|100%| E|CS|TAMS 0x000000070d400000, 0x000000070d400000| Complete 
| 183|0x000000070d500000, 0x000000070d600000, 0x000000070d600000|100%| E|CS|TAMS 0x000000070d500000, 0x000000070d500000| Complete 
| 184|0x000000070d600000, 0x000000070d700000, 0x000000070d700000|100%| E|CS|TAMS 0x000000070d600000, 0x000000070d600000| Complete 
| 185|0x000000070d700000, 0x000000070d800000, 0x000000070d800000|100%| E|CS|TAMS 0x000000070d700000, 0x000000070d700000| Complete 
| 186|0x000000070d800000, 0x000000070d900000, 0x000000070d900000|100%| E|CS|TAMS 0x000000070d800000, 0x000000070d800000| Complete 
| 187|0x000000070d900000, 0x000000070da00000, 0x000000070da00000|100%| E|CS|TAMS 0x000000070d900000, 0x000000070d900000| Complete 
| 188|0x000000070da00000, 0x000000070db00000, 0x000000070db00000|100%| E|CS|TAMS 0x000000070da00000, 0x000000070da00000| Complete 
| 189|0x000000070db00000, 0x000000070dc00000, 0x000000070dc00000|100%| E|CS|TAMS 0x000000070db00000, 0x000000070db00000| Complete 
| 190|0x000000070dc00000, 0x000000070dd00000, 0x000000070dd00000|100%| E|CS|TAMS 0x000000070dc00000, 0x000000070dc00000| Complete 
| 191|0x000000070dd00000, 0x000000070de00000, 0x000000070de00000|100%| E|CS|TAMS 0x000000070dd00000, 0x000000070dd00000| Complete 
| 192|0x000000070de00000, 0x000000070df00000, 0x000000070df00000|100%| E|CS|TAMS 0x000000070de00000, 0x000000070de00000| Complete 
| 193|0x000000070df00000, 0x000000070e000000, 0x000000070e000000|100%| E|CS|TAMS 0x000000070df00000, 0x000000070df00000| Complete 
| 194|0x000000070e000000, 0x000000070e100000, 0x000000070e100000|100%| E|CS|TAMS 0x000000070e000000, 0x000000070e000000| Complete 
| 195|0x000000070e100000, 0x000000070e200000, 0x000000070e200000|100%| E|CS|TAMS 0x000000070e100000, 0x000000070e100000| Complete 
| 196|0x000000070e200000, 0x000000070e300000, 0x000000070e300000|100%| E|  |TAMS 0x000000070e200000, 0x000000070e200000| Complete 
| 197|0x000000070e300000, 0x000000070e400000, 0x000000070e400000|100%| E|CS|TAMS 0x000000070e300000, 0x000000070e300000| Complete 
| 198|0x000000070e400000, 0x000000070e500000, 0x000000070e500000|100%| E|CS|TAMS 0x000000070e400000, 0x000000070e400000| Complete 
| 199|0x000000070e500000, 0x000000070e600000, 0x000000070e600000|100%| E|CS|TAMS 0x000000070e500000, 0x000000070e500000| Complete 
| 200|0x000000070e600000, 0x000000070e700000, 0x000000070e700000|100%| E|CS|TAMS 0x000000070e600000, 0x000000070e600000| Complete 
| 201|0x000000070e700000, 0x000000070e800000, 0x000000070e800000|100%| E|CS|TAMS 0x000000070e700000, 0x000000070e700000| Complete 
| 202|0x000000070e800000, 0x000000070e900000, 0x000000070e900000|100%| E|CS|TAMS 0x000000070e800000, 0x000000070e800000| Complete 
| 203|0x000000070e900000, 0x000000070ea00000, 0x000000070ea00000|100%| E|CS|TAMS 0x000000070e900000, 0x000000070e900000| Complete 
| 204|0x000000070ea00000, 0x000000070eb00000, 0x000000070eb00000|100%| E|CS|TAMS 0x000000070ea00000, 0x000000070ea00000| Complete 
| 205|0x000000070eb00000, 0x000000070ec00000, 0x000000070ec00000|100%| E|CS|TAMS 0x000000070eb00000, 0x000000070eb00000| Complete 
| 206|0x000000070ec00000, 0x000000070ed00000, 0x000000070ed00000|100%| E|CS|TAMS 0x000000070ec00000, 0x000000070ec00000| Complete 
| 207|0x000000070ed00000, 0x000000070ee00000, 0x000000070ee00000|100%| E|CS|TAMS 0x000000070ed00000, 0x000000070ed00000| Complete 
| 208|0x000000070ee00000, 0x000000070ef00000, 0x000000070ef00000|100%| E|CS|TAMS 0x000000070ee00000, 0x000000070ee00000| Complete 
| 209|0x000000070ef00000, 0x000000070f000000, 0x000000070f000000|100%| E|CS|TAMS 0x000000070ef00000, 0x000000070ef00000| Complete 
| 210|0x000000070f000000, 0x000000070f100000, 0x000000070f100000|100%| E|CS|TAMS 0x000000070f000000, 0x000000070f000000| Complete 
| 211|0x000000070f100000, 0x000000070f200000, 0x000000070f200000|100%| E|CS|TAMS 0x000000070f100000, 0x000000070f100000| Complete 
| 212|0x000000070f200000, 0x000000070f300000, 0x000000070f300000|100%| E|CS|TAMS 0x000000070f200000, 0x000000070f200000| Complete 
| 213|0x000000070f300000, 0x000000070f400000, 0x000000070f400000|100%| E|CS|TAMS 0x000000070f300000, 0x000000070f300000| Complete 
| 214|0x000000070f400000, 0x000000070f500000, 0x000000070f500000|100%| E|CS|TAMS 0x000000070f400000, 0x000000070f400000| Complete 
| 215|0x000000070f500000, 0x000000070f600000, 0x000000070f600000|100%| E|CS|TAMS 0x000000070f500000, 0x000000070f500000| Complete 
| 216|0x000000070f600000, 0x000000070f700000, 0x000000070f700000|100%| E|CS|TAMS 0x000000070f600000, 0x000000070f600000| Complete 
| 217|0x000000070f700000, 0x000000070f800000, 0x000000070f800000|100%| E|CS|TAMS 0x000000070f700000, 0x000000070f700000| Complete 
| 218|0x000000070f800000, 0x000000070f900000, 0x000000070f900000|100%| E|CS|TAMS 0x000000070f800000, 0x000000070f800000| Complete 
| 219|0x000000070f900000, 0x000000070fa00000, 0x000000070fa00000|100%| E|CS|TAMS 0x000000070f900000, 0x000000070f900000| Complete 
| 220|0x000000070fa00000, 0x000000070fb00000, 0x000000070fb00000|100%| E|CS|TAMS 0x000000070fa00000, 0x000000070fa00000| Complete 
| 221|0x000000070fb00000, 0x000000070fc00000, 0x000000070fc00000|100%| E|CS|TAMS 0x000000070fb00000, 0x000000070fb00000| Complete 
| 222|0x000000070fc00000, 0x000000070fd00000, 0x000000070fd00000|100%| E|CS|TAMS 0x000000070fc00000, 0x000000070fc00000| Complete 
| 223|0x000000070fd00000, 0x000000070fe00000, 0x000000070fe00000|100%| E|CS|TAMS 0x000000070fd00000, 0x000000070fd00000| Complete 
| 224|0x000000070fe00000, 0x000000070ff00000, 0x000000070ff00000|100%| E|CS|TAMS 0x000000070fe00000, 0x000000070fe00000| Complete 
| 225|0x000000070ff00000, 0x0000000710000000, 0x0000000710000000|100%| E|CS|TAMS 0x000000070ff00000, 0x000000070ff00000| Complete 
| 226|0x0000000710000000, 0x0000000710100000, 0x0000000710100000|100%| E|CS|TAMS 0x0000000710000000, 0x0000000710000000| Complete 
| 227|0x0000000710100000, 0x0000000710200000, 0x0000000710200000|100%| E|CS|TAMS 0x0000000710100000, 0x0000000710100000| Complete 
| 228|0x0000000710200000, 0x0000000710300000, 0x0000000710300000|100%| E|CS|TAMS 0x0000000710200000, 0x0000000710200000| Complete 
| 229|0x0000000710300000, 0x0000000710400000, 0x0000000710400000|100%| E|CS|TAMS 0x0000000710300000, 0x0000000710300000| Complete 
| 230|0x0000000710400000, 0x0000000710500000, 0x0000000710500000|100%| E|CS|TAMS 0x0000000710400000, 0x0000000710400000| Complete 
| 231|0x0000000710500000, 0x0000000710600000, 0x0000000710600000|100%| E|CS|TAMS 0x0000000710500000, 0x0000000710500000| Complete 
| 232|0x0000000710600000, 0x0000000710700000, 0x0000000710700000|100%| E|CS|TAMS 0x0000000710600000, 0x0000000710600000| Complete 
| 233|0x0000000710700000, 0x0000000710800000, 0x0000000710800000|100%| E|CS|TAMS 0x0000000710700000, 0x0000000710700000| Complete 
| 234|0x0000000710800000, 0x0000000710900000, 0x0000000710900000|100%| E|CS|TAMS 0x0000000710800000, 0x0000000710800000| Complete 
| 235|0x0000000710900000, 0x0000000710a00000, 0x0000000710a00000|100%| E|CS|TAMS 0x0000000710900000, 0x0000000710900000| Complete 
| 236|0x0000000710a00000, 0x0000000710b00000, 0x0000000710b00000|100%| E|CS|TAMS 0x0000000710a00000, 0x0000000710a00000| Complete 
| 237|0x0000000710b00000, 0x0000000710c00000, 0x0000000710c00000|100%| E|CS|TAMS 0x0000000710b00000, 0x0000000710b00000| Complete 
| 238|0x0000000710c00000, 0x0000000710d00000, 0x0000000710d00000|100%| E|CS|TAMS 0x0000000710c00000, 0x0000000710c00000| Complete 
| 239|0x0000000710d00000, 0x0000000710e00000, 0x0000000710e00000|100%| E|CS|TAMS 0x0000000710d00000, 0x0000000710d00000| Complete 
| 240|0x0000000710e00000, 0x0000000710f00000, 0x0000000710f00000|100%| E|CS|TAMS 0x0000000710e00000, 0x0000000710e00000| Complete 
| 241|0x0000000710f00000, 0x0000000711000000, 0x0000000711000000|100%| E|CS|TAMS 0x0000000710f00000, 0x0000000710f00000| Complete 
| 242|0x0000000711000000, 0x0000000711100000, 0x0000000711100000|100%| E|CS|TAMS 0x0000000711000000, 0x0000000711000000| Complete 
| 243|0x0000000711100000, 0x0000000711200000, 0x0000000711200000|100%| E|CS|TAMS 0x0000000711100000, 0x0000000711100000| Complete 
| 244|0x0000000711200000, 0x0000000711300000, 0x0000000711300000|100%| E|CS|TAMS 0x0000000711200000, 0x0000000711200000| Complete 
| 245|0x0000000711300000, 0x0000000711400000, 0x0000000711400000|100%| E|CS|TAMS 0x0000000711300000, 0x0000000711300000| Complete 
| 246|0x0000000711400000, 0x0000000711500000, 0x0000000711500000|100%| E|CS|TAMS 0x0000000711400000, 0x0000000711400000| Complete 
| 247|0x0000000711500000, 0x0000000711600000, 0x0000000711600000|100%| E|CS|TAMS 0x0000000711500000, 0x0000000711500000| Complete 
| 248|0x0000000711600000, 0x0000000711700000, 0x0000000711700000|100%| E|CS|TAMS 0x0000000711600000, 0x0000000711600000| Complete 
| 249|0x0000000711700000, 0x0000000711800000, 0x0000000711800000|100%| E|CS|TAMS 0x0000000711700000, 0x0000000711700000| Complete 
| 250|0x0000000711800000, 0x0000000711900000, 0x0000000711900000|100%| E|CS|TAMS 0x0000000711800000, 0x0000000711800000| Complete 
| 251|0x0000000711900000, 0x0000000711a00000, 0x0000000711a00000|100%| E|CS|TAMS 0x0000000711900000, 0x0000000711900000| Complete 
| 252|0x0000000711a00000, 0x0000000711b00000, 0x0000000711b00000|100%| E|CS|TAMS 0x0000000711a00000, 0x0000000711a00000| Complete 
| 253|0x0000000711b00000, 0x0000000711c00000, 0x0000000711c00000|100%| E|CS|TAMS 0x0000000711b00000, 0x0000000711b00000| Complete 
| 254|0x0000000711c00000, 0x0000000711d00000, 0x0000000711d00000|100%| E|CS|TAMS 0x0000000711c00000, 0x0000000711c00000| Complete 
| 255|0x0000000711d00000, 0x0000000711e00000, 0x0000000711e00000|100%| E|CS|TAMS 0x0000000711d00000, 0x0000000711d00000| Complete 

Card table byte_map: [0x000001a16ae20000,0x000001a16b620000] _byte_map_base: 0x000001a167611000

Marking Bits (Prev, Next): (CMBitMap*) 0x000001a150cb07a8, (CMBitMap*) 0x000001a150cb07e0
 Prev Bits: [0x000001a16be20000, 0x000001a16fda8000)
 Next Bits: [0x000001a16fdb0000, 0x000001a173d38000)

Polling page: 0x000001a150d20000

Metaspace:

Usage:
  Non-class:     35.03 MB capacity,    34.57 MB ( 99%) used,   372.45 KB (  1%) free+waste,    95.69 KB ( <1%) overhead. 
      Class:      4.33 MB capacity,     4.02 MB ( 93%) used,   271.57 KB (  6%) free+waste,    42.88 KB ( <1%) overhead. 
       Both:     39.36 MB capacity,    38.59 MB ( 98%) used,   644.02 KB (  2%) free+waste,   138.56 KB ( <1%) overhead. 

Virtual space:
  Non-class space:       36.00 MB reserved,      35.25 MB ( 98%) committed 
      Class space:        1.00 GB reserved,       4.38 MB ( <1%) committed 
             Both:        1.04 GB reserved,      39.63 MB (  4%) committed 

Chunk freelists:
   Non-Class:  32.00 KB
       Class:  19.00 KB
        Both:  51.00 KB

MaxMetaspaceSize: 17179869184.00 GB
CompressedClassSpaceSize: 1.00 GB
Initial GC threshold: 20.80 MB
Current GC threshold: 58.75 MB
CDS: off

CodeHeap 'non-profiled nmethods': size=120000Kb used=2935Kb max_used=2935Kb free=117064Kb
 bounds [0x000001a162680000, 0x000001a162960000, 0x000001a169bb0000]
CodeHeap 'profiled nmethods': size=120000Kb used=10169Kb max_used=10169Kb free=109830Kb
 bounds [0x000001a15b150000, 0x000001a15bb40000, 0x000001a162680000]
CodeHeap 'non-nmethods': size=5760Kb used=1596Kb max_used=1596Kb free=4163Kb
 bounds [0x000001a15abb0000, 0x000001a15ae20000, 0x000001a15b150000]
 total_blobs=4899 nmethods=4264 adapters=546
 compilation: enabled
              stopped_count=0, restarted_count=0
 full_count=0

Compilation events (20 events):
Event: 6.739 Thread 0x000001a1771e0000 nmethod 4250 0x000001a15bb0b410 code [0x000001a15bb0b640, 0x000001a15bb0bb98]
Event: 6.739 Thread 0x000001a1771e0000 4251       2       jdk.internal.jrtfs.JrtDirectoryStream$1::next (5 bytes)
Event: 6.740 Thread 0x000001a1771e0000 nmethod 4251 0x000001a15bb0bf10 code [0x000001a15bb0c0c0, 0x000001a15bb0c1c8]
Event: 6.740 Thread 0x000001a1771e0000 4248   !   2       jdk.internal.jrtfs.JrtFileSystem::lambda$iteratorOf$3 (11 bytes)
Event: 6.740 Thread 0x000001a1771e0000 nmethod 4248 0x000001a15bb0c290 code [0x000001a15bb0c440, 0x000001a15bb0c568]
Event: 6.740 Thread 0x000001a1771e0000 4253       2       jdk.internal.jrtfs.JrtPath::checkPath (47 bytes)
Event: 6.740 Thread 0x000001a1771e0000 nmethod 4253 0x000001a15bb0c610 code [0x000001a15bb0c840, 0x000001a15bb0ce38]
Event: 6.740 Thread 0x000001a1771e0000 4237       2       java.util.Arrays::sort (37 bytes)
Event: 6.740 Thread 0x000001a1771e0000 nmethod 4237 0x000001a15bb0d110 code [0x000001a15bb0d2e0, 0x000001a15bb0d478]
Event: 6.741 Thread 0x000001a1771e0000 4254   !   2       jdk.internal.jrtfs.JrtDirectoryStream$1::next (48 bytes)
Event: 6.742 Thread 0x000001a1771e0000 nmethod 4254 0x000001a15bb0d590 code [0x000001a15bb0d780, 0x000001a15bb0dbb8]
Event: 6.766 Thread 0x000001a1771e0000 4260       2       java.util.stream.Collectors::toSet (26 bytes)
Event: 6.766 Thread 0x000001a1771e0000 nmethod 4260 0x000001a15bb0de10 code [0x000001a15bb0dfe0, 0x000001a15bb0e188]
Event: 6.766 Thread 0x000001a1771e0000 4263       2       java.util.stream.ReduceOps$Box::<init> (5 bytes)
Event: 6.766 Thread 0x000001a1771e0000 nmethod 4263 0x000001a15bb0e290 code [0x000001a15bb0e440, 0x000001a15bb0e538]
Event: 6.766 Thread 0x000001a1771e0000 4261       2       java.util.stream.Collectors$$Lambda$5/0x0000000800061440::get (8 bytes)
Event: 6.766 Thread 0x000001a1771e0000 nmethod 4261 0x000001a15bb0e610 code [0x000001a15bb0e7c0, 0x000001a15bb0e9f8]
Event: 6.767 Thread 0x000001a1771e0000 4264       2       java.util.stream.ReduceOps$3::makeSink (5 bytes)
Event: 6.767 Thread 0x000001a1771e0000 nmethod 4264 0x000001a15bb0eb10 code [0x000001a15bb0ecc0, 0x000001a15bb0ef78]
Event: 6.767 Thread 0x000001a1771e0000 4273       2       java.util.HashMap$KeySpliterator::tryAdvance (138 bytes)

GC Heap History (10 events):
Event: 0.542 GC heap before
{Heap before GC invocations=0 (full 0):
 garbage-first heap   total 262144K, used 23552K [0x0000000701e00000, 0x0000000800000000)
  region size 1024K, 24 young (24576K), 0 survivors (0K)
 Metaspace       used 12740K, capacity 12933K, committed 13056K, reserved 1060864K
  class space    used 1173K, capacity 1246K, committed 1280K, reserved 1048576K
}
Event: 0.545 GC heap after
{Heap after GC invocations=1 (full 0):
 garbage-first heap   total 262144K, used 4446K [0x0000000701e00000, 0x0000000800000000)
  region size 1024K, 3 young (3072K), 3 survivors (3072K)
 Metaspace       used 12740K, capacity 12933K, committed 13056K, reserved 1060864K
  class space    used 1173K, capacity 1246K, committed 1280K, reserved 1048576K
}
Event: 1.542 GC heap before
{Heap before GC invocations=1 (full 0):
 garbage-first heap   total 262144K, used 72030K [0x0000000701e00000, 0x0000000800000000)
  region size 1024K, 70 young (71680K), 3 survivors (3072K)
 Metaspace       used 20952K, capacity 21192K, committed 21248K, reserved 1069056K
  class space    used 1920K, capacity 2035K, committed 2048K, reserved 1048576K
}
Event: 1.554 GC heap after
{Heap after GC invocations=2 (full 0):
 garbage-first heap   total 262144K, used 15069K [0x0000000701e00000, 0x0000000800000000)
  region size 1024K, 14 young (14336K), 14 survivors (14336K)
 Metaspace       used 20952K, capacity 21192K, committed 21248K, reserved 1069056K
  class space    used 1920K, capacity 2035K, committed 2048K, reserved 1048576K
}
Event: 2.171 GC heap before
{Heap before GC invocations=3 (full 0):
 garbage-first heap   total 262144K, used 78557K [0x0000000701e00000, 0x0000000800000000)
  region size 1024K, 76 young (77824K), 14 survivors (14336K)
 Metaspace       used 24851K, capacity 25269K, committed 25472K, reserved 1073152K
  class space    used 2399K, capacity 2567K, committed 2688K, reserved 1048576K
}
Event: 2.183 GC heap after
{Heap after GC invocations=4 (full 0):
 garbage-first heap   total 262144K, used 22594K [0x0000000701e00000, 0x0000000800000000)
  region size 1024K, 8 young (8192K), 8 survivors (8192K)
 Metaspace       used 24851K, capacity 25269K, committed 25472K, reserved 1073152K
  class space    used 2399K, capacity 2567K, committed 2688K, reserved 1048576K
}
Event: 5.479 GC heap before
{Heap before GC invocations=4 (full 0):
 garbage-first heap   total 262144K, used 102466K [0x0000000701e00000, 0x0000000800000000)
  region size 1024K, 86 young (88064K), 8 survivors (8192K)
 Metaspace       used 29870K, capacity 30474K, committed 30720K, reserved 1077248K
  class space    used 3053K, capacity 3288K, committed 3328K, reserved 1048576K
}
Event: 5.487 GC heap after
{Heap after GC invocations=5 (full 0):
 garbage-first heap   total 262144K, used 28951K [0x0000000701e00000, 0x0000000800000000)
  region size 1024K, 7 young (7168K), 7 survivors (7168K)
 Metaspace       used 29870K, capacity 30474K, committed 30720K, reserved 1077248K
  class space    used 3053K, capacity 3288K, committed 3328K, reserved 1048576K
}
Event: 6.215 GC heap before
{Heap before GC invocations=5 (full 0):
 garbage-first heap   total 262144K, used 165143K [0x0000000701e00000, 0x0000000800000000)
  region size 1024K, 141 young (144384K), 7 survivors (7168K)
 Metaspace       used 35143K, capacity 35813K, committed 35840K, reserved 1081344K
  class space    used 3672K, capacity 3941K, committed 3968K, reserved 1048576K
}
Event: 6.229 GC heap after
{Heap after GC invocations=6 (full 0):
 garbage-first heap   total 262144K, used 41077K [0x0000000701e00000, 0x0000000800000000)
  region size 1024K, 19 young (19456K), 19 survivors (19456K)
 Metaspace       used 35143K, capacity 35813K, committed 35840K, reserved 1081344K
  class space    used 3672K, capacity 3941K, committed 3968K, reserved 1048576K
}

Deoptimization events (20 events):
Event: 6.674 Thread 0x000001a150c4d800 DEOPT PACKING pc=0x000001a15b66dd38 sp=0x00000095705fb3b0
Event: 6.674 Thread 0x000001a150c4d800 DEOPT UNPACKING pc=0x000001a15abfa95e sp=0x00000095705fa828 mode 0
Event: 6.675 Thread 0x000001a150c4d800 DEOPT PACKING pc=0x000001a15b66dd38 sp=0x00000095705fb3b0
Event: 6.675 Thread 0x000001a150c4d800 DEOPT UNPACKING pc=0x000001a15abfa95e sp=0x00000095705fa828 mode 0
Event: 6.677 Thread 0x000001a150c4d800 DEOPT PACKING pc=0x000001a15bac0a5b sp=0x00000095705fb390
Event: 6.677 Thread 0x000001a150c4d800 DEOPT UNPACKING pc=0x000001a15abfa95e sp=0x00000095705fa830 mode 0
Event: 6.677 Thread 0x000001a150c4d800 DEOPT PACKING pc=0x000001a15bac0f3f sp=0x00000095705fb310
Event: 6.677 Thread 0x000001a150c4d800 DEOPT UNPACKING pc=0x000001a15abfa95e sp=0x00000095705fa7a8 mode 0
Event: 6.677 Thread 0x000001a150c4d800 DEOPT PACKING pc=0x000001a15bac0f3f sp=0x00000095705fb310
Event: 6.677 Thread 0x000001a150c4d800 DEOPT UNPACKING pc=0x000001a15abfa95e sp=0x00000095705fa7a8 mode 0
Event: 6.687 Thread 0x000001a150c4d800 DEOPT PACKING pc=0x000001a15b66dd38 sp=0x00000095705fb140
Event: 6.687 Thread 0x000001a150c4d800 DEOPT UNPACKING pc=0x000001a15abfa95e sp=0x00000095705fa5b8 mode 0
Event: 6.688 Thread 0x000001a150c4d800 DEOPT PACKING pc=0x000001a15b65b1ef sp=0x00000095705fb290
Event: 6.688 Thread 0x000001a150c4d800 DEOPT UNPACKING pc=0x000001a15abfa95e sp=0x00000095705fa730 mode 0
Event: 6.694 Thread 0x000001a150c4d800 DEOPT PACKING pc=0x000001a15b66dd38 sp=0x00000095705fb140
Event: 6.694 Thread 0x000001a150c4d800 DEOPT UNPACKING pc=0x000001a15abfa95e sp=0x00000095705fa5b8 mode 0
Event: 6.700 Thread 0x000001a150c4d800 DEOPT PACKING pc=0x000001a15b66dd38 sp=0x00000095705fb140
Event: 6.700 Thread 0x000001a150c4d800 DEOPT UNPACKING pc=0x000001a15abfa95e sp=0x00000095705fa5b8 mode 0
Event: 6.734 Thread 0x000001a150c4d800 DEOPT PACKING pc=0x000001a15baf14b0 sp=0x00000095705fb110
Event: 6.734 Thread 0x000001a150c4d800 DEOPT UNPACKING pc=0x000001a15abfa95e sp=0x00000095705fa620 mode 0

Classes redefined (0 events):
No events

Internal exceptions (20 events):
Event: 5.670 Thread 0x000001a150c4d800 Exception <a 'java/lang/ArrayIndexOutOfBoundsException'{0x00000007101aa108}: Index 7 out of bounds for length 7> (0x00000007101aa108) thrown at [./src/hotspot/share/interpreter/interpreterRuntime.cpp, line 444]
Event: 6.108 Thread 0x000001a150c4d800 Exception <a 'sun/nio/fs/WindowsException'{0x0000000709f4ba50}> (0x0000000709f4ba50) thrown at [./src/hotspot/share/prims/jni.cpp, line 617]
Event: 6.203 Thread 0x000001a150c4d800 Exception <a 'java/lang/NoSuchMethodError'{0x000000070924e780}: 'void java.lang.invoke.DelegatingMethodHandle$Holder.delegate(java.lang.Object, java.lang.Object, int, java.lang.Object)'> (0x000000070924e780) thrown at [./src/hotspot/share/interpreter/linkResolver.cpp, line 773]
Event: 6.277 Thread 0x000001a150c4d800 Exception <a 'java/lang/NoSuchMethodError'{0x00000007117f0938}: 'void java.lang.invoke.DirectMethodHandle$Holder.invokeStaticInit(java.lang.Object, java.lang.Object, java.lang.Object)'> (0x00000007117f0938) thrown at [./src/hotspot/share/interpreter/linkResolver.cpp, line 773]
Event: 6.277 Thread 0x000001a150c4d800 Exception <a 'java/lang/NoSuchMethodError'{0x00000007117f6d28}: 'void java.lang.invoke.DirectMethodHandle$Holder.invokeStaticInit(java.lang.Object, java.lang.Object, java.lang.Object, java.lang.Object)'> (0x00000007117f6d28) thrown at [./src/hotspot/share/interpreter/linkResolver.cpp, line 773]
Event: 6.280 Thread 0x000001a150c4d800 Exception <a 'java/lang/NoSuchMethodError'{0x0000000711619290}: 'void java.lang.invoke.DirectMethodHandle$Holder.invokeStaticInit(java.lang.Object, java.lang.Object, java.lang.Object, java.lang.Object, java.lang.Object)'> (0x0000000711619290) thrown at [./src/hotspot/share/interpreter/linkResolver.cpp, line 773]
Event: 6.281 Thread 0x000001a150c4d800 Exception <a 'java/lang/NoSuchMethodError'{0x0000000711620058}: 'int java.lang.invoke.DirectMethodHandle$Holder.invokeStaticInit(java.lang.Object, java.lang.Object, java.lang.Object)'> (0x0000000711620058) thrown at [./src/hotspot/share/interpreter/linkResolver.cpp, line 773]
Event: 6.450 Thread 0x000001a150c4d800 Exception <a 'java/lang/NoSuchMethodError'{0x00000007100c5e78}: 'java.lang.Object java.lang.invoke.DirectMethodHandle$Holder.invokeStatic(java.lang.Object, java.lang.Object, java.lang.Object, java.lang.Object, java.lang.Object, java.lang.Object, java.lang.Object, java.lang.Object, java.lang.Object, java.lang.Object, java.lang.Object, int)'> (0x00000007100c5e78) thrown at [./src/hotspot/share/interpreter/linkResolver.cpp, line 773]
Event: 6.452 Thread 0x000001a150c4d800 Exception <a 'java/lang/NoSuchMethodError'{0x00000007100e50f0}: 'java.lang.Object java.lang.invoke.DirectMethodHandle$Holder.invokeStatic(java.lang.Object, java.lang.Object, java.lang.Object, java.lang.Object, java.lang.Object, java.lang.Object, java.lang.Object, java.lang.Object, java.lang.Object, java.lang.Object, java.lang.Object, int, int)'> (0x00000007100e50f0) thrown at [./src/hotspot/share/interpreter/linkResolver.cpp, line 773]
Event: 6.453 Thread 0x000001a150c4d800 Exception <a 'java/lang/NoSuchMethodError'{0x000000070ff057a8}: 'java.lang.Object java.lang.invoke.DirectMethodHandle$Holder.invokeStatic(java.lang.Object, java.lang.Object, java.lang.Object, java.lang.Object, java.lang.Object, java.lang.Object, java.lang.Object, java.lang.Object, java.lang.Object, java.lang.Object, java.lang.Object, int, int, java.lang.Object)'> (0x000000070ff057a8) thrown at [./src/hotspot/share/interpreter/linkResolver.cpp, line 773]
Event: 6.454 Thread 0x000001a150c4d800 Exception <a 'java/lang/NoSuchMethodError'{0x000000070ff270d0}: 'java.lang.Object java.lang.invoke.DirectMethodHandle$Holder.invokeStatic(java.lang.Object, java.lang.Object, java.lang.Object, java.lang.Object, java.lang.Object, java.lang.Object, java.lang.Object, java.lang.Object, java.lang.Object, java.lang.Object, java.lang.Object, int, int, java.lang.Object, java.lang.Object)'> (0x000000070ff270d0) thrown at [./src/hotspot/share/interpreter/linkResolver.cpp, line 773]
Event: 6.456 Thread 0x000001a150c4d800 Exception <a 'java/lang/ClassNotFoundException'{0x000000070ff4a3e0}: groovy/lang/ExpandoMetaClassBeanInfo> (0x000000070ff4a3e0) thrown at [./src/hotspot/share/classfile/systemDictionary.cpp, line 230]
Event: 6.456 Thread 0x000001a150c4d800 Exception <a 'java/lang/ClassNotFoundException'{0x000000070ff5cf58}: groovy/lang/MetaClassImplBeanInfo> (0x000000070ff5cf58) thrown at [./src/hotspot/share/classfile/systemDictionary.cpp, line 230]
Event: 6.456 Thread 0x000001a150c4d800 Exception <a 'java/lang/ClassNotFoundException'{0x000000070ff5df48}: java/lang/ObjectBeanInfo> (0x000000070ff5df48) thrown at [./src/hotspot/share/classfile/systemDictionary.cpp, line 230]
Event: 6.457 Thread 0x000001a150c4d800 Exception <a 'java/lang/ClassNotFoundException'{0x000000070ff61838}: java/lang/ObjectCustomizer> (0x000000070ff61838) thrown at [./src/hotspot/share/classfile/systemDictionary.cpp, line 230]
Event: 6.462 Thread 0x000001a150c4d800 Exception <a 'java/lang/ClassNotFoundException'{0x000000070ff94a10}: groovy/lang/MetaClassImplCustomizer> (0x000000070ff94a10) thrown at [./src/hotspot/share/classfile/systemDictionary.cpp, line 230]
Event: 6.464 Thread 0x000001a150c4d800 Exception <a 'java/lang/ClassNotFoundException'{0x000000070ffc7170}: groovy/lang/ExpandoMetaClassCustomizer> (0x000000070ffc7170) thrown at [./src/hotspot/share/classfile/systemDictionary.cpp, line 230]
Event: 6.503 Thread 0x000001a150c4d800 Exception <a 'java/lang/ClassNotFoundException'{0x000000070f9de2e0}: io/restassured/authentication/NoAuthSchemeBeanInfo> (0x000000070f9de2e0) thrown at [./src/hotspot/share/classfile/systemDictionary.cpp, line 230]
Event: 6.503 Thread 0x000001a150c4d800 Exception <a 'java/lang/ClassNotFoundException'{0x000000070f9e6b08}: io/restassured/authentication/NoAuthSchemeCustomizer> (0x000000070f9e6b08) thrown at [./src/hotspot/share/classfile/systemDictionary.cpp, line 230]
Event: 6.562 Thread 0x000001a150c4d800 Exception <a 'java/lang/NoClassDefFoundError'{0x000000070ef88ba8}: org/apache/log4j/Priority> (0x000000070ef88ba8) thrown at [./src/hotspot/share/classfile/systemDictionary.cpp, line 219]

Events (20 events):
Event: 6.712 loading class jdk/internal/jimage/ImageReader$Node done
Event: 6.712 loading class jdk/internal/jimage/ImageReader$Directory done
Event: 6.712 loading class jdk/internal/jrtfs/SystemImage$1
Event: 6.712 loading class jdk/internal/jrtfs/SystemImage$1 done
Event: 6.713 loading class jdk/internal/jimage/ImageReader$SharedImageReader$LocationVisitor
Event: 6.713 loading class jdk/internal/jimage/ImageReader$SharedImageReader$LocationVisitor done
Event: 6.713 loading class java/nio/ByteBufferAsIntBufferL
Event: 6.713 loading class java/nio/ByteBufferAsIntBufferL done
Event: 6.713 Executing VM operation: Deoptimize
Event: 6.714 Executing VM operation: Deoptimize done
Event: 6.714 loading class jdk/internal/jrtfs/JrtFileAttributes
Event: 6.714 loading class jdk/internal/jrtfs/JrtFileAttributes done
Event: 6.714 loading class jdk/internal/jrtfs/JrtDirectoryStream
Event: 6.714 loading class jdk/internal/jrtfs/JrtDirectoryStream done
Event: 6.715 loading class jdk/internal/jrtfs/JrtDirectoryStream$1
Event: 6.715 loading class jdk/internal/jrtfs/JrtDirectoryStream$1 done
Event: 6.715 loading class java/util/function/BooleanSupplier
Event: 6.715 loading class java/util/function/BooleanSupplier done
Event: 6.715 loading class jdk/internal/jimage/ImageReader$Resource
Event: 6.716 loading class jdk/internal/jimage/ImageReader$Resource done


Dynamic libraries:
0x00007ff78b330000 - 0x00007ff78b33d000 	C:\Users\ChVN\.jdks\corretto-11.0.15\bin\java.exe
0x00007fffd7870000 - 0x00007fffd7a65000 	C:\Windows\SYSTEM32\ntdll.dll
0x00007fffd6180000 - 0x00007fffd623d000 	C:\Windows\System32\KERNEL32.DLL
0x00007fffd5420000 - 0x00007fffd56ed000 	C:\Windows\System32\KERNELBASE.dll
0x00007fffd09a0000 - 0x00007fffd0a30000 	C:\Windows\SYSTEM32\apphelp.dll
0x00007fffd5790000 - 0x00007fffd5890000 	C:\Windows\System32\ucrtbase.dll
0x00007fffc4d30000 - 0x00007fffc4d47000 	C:\Users\ChVN\.jdks\corretto-11.0.15\bin\jli.dll
0x00007fffcd960000 - 0x00007fffcd979000 	C:\Users\ChVN\.jdks\corretto-11.0.15\bin\VCRUNTIME140.dll
0x00007fffd5940000 - 0x00007fffd5ae0000 	C:\Windows\System32\USER32.dll
0x00007fffc0240000 - 0x00007fffc04da000 	C:\Windows\WinSxS\amd64_microsoft.windows.common-controls_6595b64144ccf1df_6.0.19041.1110_none_60b5254171f9507e\COMCTL32.dll
0x00007fffd5090000 - 0x00007fffd50b2000 	C:\Windows\System32\win32u.dll
0x00007fffd7320000 - 0x00007fffd73be000 	C:\Windows\System32\msvcrt.dll
0x00007fffd66f0000 - 0x00007fffd671a000 	C:\Windows\System32\GDI32.dll
0x00007fffd4f80000 - 0x00007fffd508b000 	C:\Windows\System32\gdi32full.dll
0x00007fffd56f0000 - 0x00007fffd578d000 	C:\Windows\System32\msvcp_win.dll
0x00007fffd6900000 - 0x00007fffd6930000 	C:\Windows\System32\IMM32.DLL
0x00007fffad700000 - 0x00007fffad79b000 	C:\Users\ChVN\.jdks\corretto-11.0.15\bin\msvcp140.dll
0x00007fff70d80000 - 0x00007fff71903000 	C:\Users\ChVN\.jdks\corretto-11.0.15\bin\server\jvm.dll
0x00007fffd76b0000 - 0x00007fffd775e000 	C:\Windows\System32\ADVAPI32.dll
0x00007fffd75b0000 - 0x00007fffd764c000 	C:\Windows\System32\sechost.dll
0x00007fffd6240000 - 0x00007fffd6365000 	C:\Windows\System32\RPCRT4.dll
0x00007fffd73c0000 - 0x00007fffd73c8000 	C:\Windows\System32\PSAPI.DLL
0x00007fffce4e0000 - 0x00007fffce4ea000 	C:\Windows\SYSTEM32\VERSION.dll
0x00007fffc4740000 - 0x00007fffc4767000 	C:\Windows\SYSTEM32\WINMM.dll
0x00007fffd0d10000 - 0x00007fffd0d19000 	C:\Windows\SYSTEM32\WSOCK32.dll
0x00007fffd6110000 - 0x00007fffd617b000 	C:\Windows\System32\WS2_32.dll
0x00007fffd2d70000 - 0x00007fffd2d82000 	C:\Windows\SYSTEM32\kernel.appcore.dll
0x00007fffd0df0000 - 0x00007fffd0e00000 	C:\Users\ChVN\.jdks\corretto-11.0.15\bin\verify.dll
0x00007fffd2740000 - 0x00007fffd2924000 	C:\Windows\SYSTEM32\DBGHELP.DLL
0x00007fffb4070000 - 0x00007fffb409c000 	C:\Windows\SYSTEM32\dbgcore.DLL
0x00007fffd5390000 - 0x00007fffd5412000 	C:\Windows\System32\bcryptPrimitives.dll
0x00007fffc4d00000 - 0x00007fffc4d28000 	C:\Users\ChVN\.jdks\corretto-11.0.15\bin\java.dll
0x00007fffd0d70000 - 0x00007fffd0d7a000 	C:\Users\ChVN\.jdks\corretto-11.0.15\bin\jimage.dll
0x00007fffd0d80000 - 0x00007fffd0d8e000 	C:\Users\ChVN\.jdks\corretto-11.0.15\bin\instrument.dll
0x00007fffc4ce0000 - 0x00007fffc4cf8000 	C:\Users\ChVN\.jdks\corretto-11.0.15\bin\zip.dll
0x00007fffd6b10000 - 0x00007fffd7254000 	C:\Windows\System32\SHELL32.dll
0x00007fffd3c50000 - 0x00007fffd43e4000 	C:\Windows\SYSTEM32\windows.storage.dll
0x00007fffd6370000 - 0x00007fffd66c4000 	C:\Windows\System32\combase.dll
0x00007fffd4910000 - 0x00007fffd493c000 	C:\Windows\SYSTEM32\Wldp.dll
0x00007fffd7260000 - 0x00007fffd730d000 	C:\Windows\System32\SHCORE.dll
0x00007fffd7650000 - 0x00007fffd76a5000 	C:\Windows\System32\shlwapi.dll
0x00007fffd4ec0000 - 0x00007fffd4edf000 	C:\Windows\SYSTEM32\profapi.dll
0x00007fffc2860000 - 0x00007fffc2879000 	C:\Users\ChVN\.jdks\corretto-11.0.15\bin\net.dll
0x00007fffcdf80000 - 0x00007fffce08a000 	C:\Windows\SYSTEM32\WINHTTP.dll
0x00007fffd3b80000 - 0x00007fffd3bea000 	C:\Windows\system32\mswsock.dll
0x00007fffc1db0000 - 0x00007fffc1dc3000 	C:\Users\ChVN\.jdks\corretto-11.0.15\bin\nio.dll
0x00007fffcd910000 - 0x00007fffcd92a000 	C:\Program Files\JetBrains\IntelliJ IDEA Community Edition 2022.1\bin\breakgen64.dll
0x00007fffcd940000 - 0x00007fffcd949000 	C:\Users\ChVN\.jdks\corretto-11.0.15\bin\management.dll
0x00007fffcd930000 - 0x00007fffcd93b000 	C:\Users\ChVN\.jdks\corretto-11.0.15\bin\management_ext.dll
0x00007fffbc7c0000 - 0x00007fffbc7d7000 	C:\Windows\system32\napinsp.dll
0x00007fffbb3a0000 - 0x00007fffbb3bb000 	C:\Windows\system32\pnrpnsp.dll
0x00007fffae550000 - 0x00007fffae565000 	C:\Windows\system32\wshbth.dll
0x00007fffd0cd0000 - 0x00007fffd0ced000 	C:\Windows\system32\NLAapi.dll
0x00007fffd3870000 - 0x00007fffd38ab000 	C:\Windows\SYSTEM32\IPHLPAPI.DLL
0x00007fffd38b0000 - 0x00007fffd397b000 	C:\Windows\SYSTEM32\DNSAPI.dll
0x00007fffd7310000 - 0x00007fffd7318000 	C:\Windows\System32\NSI.dll
0x00007fffbb250000 - 0x00007fffbb262000 	C:\Windows\System32\winrnr.dll
0x00007fffcddd0000 - 0x00007fffcddda000 	C:\Windows\System32\rasadhlp.dll
0x00007fffcd530000 - 0x00007fffcd5b0000 	C:\Windows\System32\fwpuclnt.dll
0x00007fffd5890000 - 0x00007fffd58b7000 	C:\Windows\System32\bcrypt.dll
0x00007fffc4dd0000 - 0x00007fffc4dde000 	C:\Users\ChVN\.jdks\corretto-11.0.15\bin\sunmscapi.dll
0x00007fffd51c0000 - 0x00007fffd5316000 	C:\Windows\System32\CRYPT32.dll
0x00007fffd4980000 - 0x00007fffd49a7000 	C:\Windows\SYSTEM32\ncrypt.dll
0x0000000068960000 - 0x000000006897f000 	C:\Program Files\Common Files\Crypto Pro\AppCompat\cpcrypt.dll
0x0000000068950000 - 0x0000000068957000 	C:\Program Files\Common Files\Crypto Pro\AppCompat\detoured.dll
0x00007fffd4940000 - 0x00007fffd497b000 	C:\Windows\SYSTEM32\NTASN1.dll
0x00007fffb6f50000 - 0x00007fffb6f75000 	C:\Users\ChVN\.jdks\corretto-11.0.15\bin\sunec.dll
0x00007fffd4860000 - 0x00007fffd4878000 	C:\Windows\SYSTEM32\CRYPTSP.dll
0x0000000068930000 - 0x0000000068941000 	C:\Program Files\Common Files\Crypto Pro\AppCompat\cpadvai.dll
0x00007fffd3500000 - 0x00007fffd3534000 	C:\Windows\system32\rsaenh.dll
0x00007fffd4e80000 - 0x00007fffd4eae000 	C:\Windows\SYSTEM32\USERENV.dll
0x00007fffd4880000 - 0x00007fffd488c000 	C:\Windows\SYSTEM32\CRYPTBASE.dll
0x00007fffd0500000 - 0x00007fffd0517000 	C:\Windows\SYSTEM32\dhcpcsvc6.DLL
0x00007fffd0010000 - 0x00007fffd002d000 	C:\Windows\SYSTEM32\dhcpcsvc.DLL

dbghelp: loaded successfully - version: 4.0.5 - missing functions: none
symbol engine: initialized successfully - sym options: 0x614 - pdb path: .;C:\Users\ChVN\.jdks\corretto-11.0.15\bin;C:\Windows\SYSTEM32;C:\Windows\WinSxS\amd64_microsoft.windows.common-controls_6595b64144ccf1df_6.0.19041.1110_none_60b5254171f9507e;C:\Users\ChVN\.jdks\corretto-11.0.15\bin\server;C:\Program Files\JetBrains\IntelliJ IDEA Community Edition 2022.1\bin;C:\Program Files\Common Files\Crypto Pro\AppCompat

VM Arguments:
jvm_args: -ea -javaagent:C:\Users\ChVN\.m2\repository/org/aspectj/aspectjweaver/1.9.7/aspectjweaver-1.9.7.jar -Didea.test.cyclic.buffer.size=1048576 -javaagent:C:\Program Files\JetBrains\IntelliJ IDEA Community Edition 2022.1\lib\idea_rt.jar=59621:C:\Program Files\JetBrains\IntelliJ IDEA Community Edition 2022.1\bin -Dfile.encoding=UTF-8 
java_command: com.intellij.rt.junit.JUnitStarter -ideVersion5 -junit4 ConstructorTest,constructorBunsTest
java_class_path (initial): C:\Program Files\JetBrains\IntelliJ IDEA Community Edition 2022.1\lib\idea_rt.jar;C:\Program Files\JetBrains\IntelliJ IDEA Community Edition 2022.1\plugins\junit\lib\junit5-rt.jar;C:\Program Files\JetBrains\IntelliJ IDEA Community Edition 2022.1\plugins\junit\lib\junit-rt.jar;F:\Diplom\Diplom_3\target\test-classes;F:\Diplom\Diplom_3\target\classes;C:\Users\ChVN\.m2\repository\org\json\json\20211205\json-20211205.jar;C:\Users\ChVN\.m2\repository\io\rest-assured\rest-assured\4.5.0\rest-assured-4.5.0.jar;C:\Users\ChVN\.m2\repository\org\codehaus\groovy\groovy\3.0.9\groovy-3.0.9.jar;C:\Users\ChVN\.m2\repository\org\codehaus\groovy\groovy-xml\3.0.9\groovy-xml-3.0.9.jar;C:\Users\ChVN\.m2\repository\org\apache\httpcomponents\httpclient\4.5.13\httpclient-4.5.13.jar;C:\Users\ChVN\.m2\repository\org\apache\httpcomponents\httpcore\4.4.13\httpcore-4.4.13.jar;C:\Users\ChVN\.m2\repository\commons-logging\commons-logging\1.2\commons-logging-1.2.jar;C:\Users\ChVN\.m2\repository\commons-codec\commons-codec\1.11\commons-codec-1.11.jar;C:\Users\ChVN\.m2\repository\org\apache\httpcomponents\httpmime\4.5.13\httpmime-4.5.13.jar;C:\Users\ChVN\.m2\repository\org\hamcrest\hamcrest\2.1\hamcrest-2.1.jar;C:\Users\ChVN\.m2\repository\org\ccil\cowan\tagsoup\tagsoup\1.2.1\tagsoup-1.2.1.jar;C:\Users\ChVN\.m2\repository\io\rest-assured\json-path\4.5.0\json-path-4.5.0.jar;C:\Users\ChVN\.m2\repository\org\codehaus\groovy\groovy-json\3.0.9\groovy-json-3.0.9.jar;C:\Users\ChVN\.m2\repository\io\rest-assured\rest-assured-common\4.5.0\rest-assured-common-4.5.0.jar;C:\Users\ChVN\.m2\repository\io\rest-assured\xml-path\4.5.0\xml-path-4.5.0.jar;C:\Users\ChVN\.m2\repository\com\github\javafaker\javafaker\1.0.2\javafaker-1.0.2.jar;C:\Users\ChVN\.m2\repository\org\apache\commons\commons-lang3\3.5\commons-lang3-3.5.jar;C:\Users\ChVN\.m2\repository\org\yaml\snakeyaml\1.23\snakeyaml-1.23-android.jar;C:\Users\ChVN\.m2\repository\com\github\mifmif\generex\1.0.2\generex-1.0.2.jar;C:\Users
Launcher Type: SUN_STANDARD

[Global flags]
     intx CICompilerCount                          = 4                                         {product} {ergonomic}
     uint ConcGCThreads                            = 2                                         {product} {ergonomic}
     uint G1ConcRefinementThreads                  = 8                                         {product} {ergonomic}
   size_t G1HeapRegionSize                         = 1048576                                   {product} {ergonomic}
    uintx GCDrainStackTargetSize                   = 64                                        {product} {ergonomic}
   size_t InitialHeapSize                          = 268435456                                 {product} {ergonomic}
   size_t MarkStackSize                            = 4194304                                   {product} {ergonomic}
   size_t MaxHeapSize                              = 4263510016                                {product} {ergonomic}
   size_t MaxNewSize                               = 2557476864                                {product} {ergonomic}
   size_t MinHeapDeltaBytes                        = 1048576                                   {product} {ergonomic}
    uintx NonNMethodCodeHeapSize                   = 5836300                                {pd product} {ergonomic}
    uintx NonProfiledCodeHeapSize                  = 122910970                              {pd product} {ergonomic}
    uintx ProfiledCodeHeapSize                     = 122910970                              {pd product} {ergonomic}
    uintx ReservedCodeCacheSize                    = 251658240                              {pd product} {ergonomic}
     bool SegmentedCodeCache                       = true                                      {product} {ergonomic}
     bool UseCompressedClassPointers               = true                                 {lp64_product} {ergonomic}
     bool UseCompressedOops                        = true                                 {lp64_product} {ergonomic}
     bool UseG1GC                                  = true                                      {product} {ergonomic}
     bool UseLargePagesIndividualAllocation        = false                                  {pd product} {ergonomic}

Logging:
Log output configuration:
 #0: stdout all=warning uptime,level,tags
 #1: stderr all=off uptime,level,tags

Environment Variables:
JAVA_HOME=c:\Program Files\Amazon Corretto\jdk11.0.15_9\
PATH=C:\Program Files\Amazon Corretto\jdk11.0.15_9\bin;C:\Windows\system32;C:\Windows;C:\Windows\System32\Wbem;C:\Windows\System32\WindowsPowerShell\v1.0\;C:\Windows\System32\OpenSSH\;C:\Program Files\PuTTY\;C:\Program Files\Git\cmd;c:\Program Files\Amazon Corretto\jdk11.0.15_9\\bin;F:\Allure\allure-2.17.3\bin;C:\Program Files\TortoiseSVN\bin;C:\Program Files (x86)\NVIDIA Corporation\PhysX\Common;C:\Program Files\NVIDIA Corporation\NVIDIA NvDLISR;C:\Program Files\Docker\Docker\resources\bin;C:\ProgramData\DockerDesktop\version-bin;C:\Users\ChVN\AppData\Local\Microsoft\WindowsApps;C:\Program Files\JetBrains\IntelliJ IDEA Community Edition 2022.1\bin;F:\Maven\bin;C:\Users\ChVN\AppData\Local\GitHubDesktop\bin
USERNAME=ChVN
OS=Windows_NT
PROCESSOR_IDENTIFIER=Intel64 Family 6 Model 60 Stepping 3, GenuineIntel



---------------  S Y S T E M  ---------------

OS: Windows 10 , 64 bit Build 19041 (10.0.19041.1706)
OS uptime: 0 days 7:24 hours

CPU:total 8 (initial active 8) (4 cores per cpu, 2 threads per core) family 6 model 60 stepping 3 microcode 0x27, cmov, cx8, fxsr, mmx, sse, sse2, sse3, ssse3, sse4.1, sse4.2, popcnt, avx, avx2, aes, clmul, erms, lzcnt, ht, tsc, tscinvbit, bmi1, bmi2, fma

Memory: 4k page, system-wide physical 16259M (4491M free)
TotalPageFile size 16259M (AvailPageFile size 3M)
current process WorkingSet (physical memory assigned to process): 353M, peak: 357M
current process commit charge ("private bytes"): 467M, peak: 470M

vm_info: OpenJDK 64-Bit Server VM (11.0.15+9-LTS) for windows-amd64 JRE (11.0.15+9-LTS), built on Apr 15 2022 22:20:31 by "Administrator" with unknown MS VC++:1916

END.
