#
# There is insufficient memory for the Java Runtime Environment to continue.
# Native memory allocation (malloc) failed to allocate 1338416 bytes for Chunk::new
# Possible reasons:
#   The system is out of physical RAM or swap space
#   The process is running with CompressedOops enabled, and the Java Heap may be blocking the growth of the native heap
# Possible solutions:
#   Reduce memory load on the system
#   Increase physical memory or swap space
#   Check if swap backing store is full
#   Decrease Java heap size (-Xmx/-Xms)
#   Decrease number of Java threads
#   Decrease Java thread stack sizes (-Xss)
#   Set larger code cache with -XX:ReservedCodeCacheSize=
#   JVM is running with Zero Based Compressed Oops mode in which the Java heap is
#     placed in the first 32GB address space. The Java Heap base address is the
#     maximum limit for the native heap growth. Please use -XX:HeapBaseMinAddress
#     to set the Java Heap base and to place the Java Heap above 32GB virtual address.
# This output file may be truncated or incomplete.
#
#  Out of Memory Error (./src/hotspot/share/memory/arena.cpp:197), pid=3244, tid=12200
#
# JRE version: OpenJDK Runtime Environment Corretto-11.0.15.9.1 (11.0.15+9) (build 11.0.15+9-LTS)
# Java VM: OpenJDK 64-Bit Server VM Corretto-11.0.15.9.1 (11.0.15+9-LTS, mixed mode, tiered, compressed oops, g1 gc, windows-amd64)
# No core dump will be written. Minidumps are not enabled by default on client versions of Windows
#

---------------  S U M M A R Y ------------

Command Line: -ea -javaagent:C:\Users\ChVN\.m2\repository/org/aspectj/aspectjweaver/1.9.7/aspectjweaver-1.9.7.jar -Didea.test.cyclic.buffer.size=1048576 -javaagent:C:\Program Files\JetBrains\IntelliJ IDEA Community Edition 2022.1\lib\idea_rt.jar=59922:C:\Program Files\JetBrains\IntelliJ IDEA Community Edition 2022.1\bin -Dfile.encoding=UTF-8 com.intellij.rt.junit.JUnitStarter -ideVersion5 -junit4 ConstructorTest

Host: Intel(R) Core(TM) i7-4770 CPU @ 3.40GHz, 8 cores, 15G,  Windows 10 , 64 bit Build 19041 (10.0.19041.1706)
Time: Mon Jul 11 14:48:37 2022 RTZ 4 (s 10 , 64 bit Build 19041 (10.0.19041.1706) elapsed time: 6.619273 seconds (0d 0h 0m 6s)

---------------  T H R E A D  ---------------

Current thread (0x0000029e4606b000):  JavaThread "C2 CompilerThread2" daemon [_thread_in_native, id=12200, stack(0x000000a7c0c00000,0x000000a7c0d00000)]


Current CompileTask:
C2:   6619 3757       4       org.aspectj.weaver.bcel.LazyMethodGen::initialize (127 bytes)

Stack: [0x000000a7c0c00000,0x000000a7c0d00000]
Native frames: (J=compiled Java code, j=interpreted, Vv=VM code, C=native code)
V  [jvm.dll+0x61e7ba]
V  [jvm.dll+0x7ab749]
V  [jvm.dll+0x7ace38]
V  [jvm.dll+0x7ad513]
V  [jvm.dll+0x24f968]
V  [jvm.dll+0xc262c]
V  [jvm.dll+0xc2bec]
V  [jvm.dll+0x359ba7]
V  [jvm.dll+0x325b23]
V  [jvm.dll+0x324e5a]
V  [jvm.dll+0x208da5]
V  [jvm.dll+0x207f8d]
V  [jvm.dll+0x18a371]
V  [jvm.dll+0x2176e4]
V  [jvm.dll+0x21592b]
V  [jvm.dll+0x76e250]
V  [jvm.dll+0x7671b4]
V  [jvm.dll+0x61d616]
C  [ucrtbase.dll+0x21bb2]
C  [KERNEL32.DLL+0x17034]
C  [ntdll.dll+0x52651]


---------------  P R O C E S S  ---------------

Threads class SMR info:
_java_thread_list=0x0000029e4911e9b0, length=28, elements={
0x0000029e20a3f800, 0x0000029e44759000, 0x0000029e44763000, 0x0000029e45061000,
0x0000029e45062800, 0x0000029e45064800, 0x0000029e4506a000, 0x0000029e45092000,
0x0000029e45094000, 0x0000029e45202000, 0x0000029e45f06000, 0x0000029e49157800,
0x0000029e475f1000, 0x0000029e4980c000, 0x0000029e4a997000, 0x0000029e4aeb5800,
0x0000029e4adeb800, 0x0000029e48d02000, 0x0000029e4af62000, 0x0000029e4956a000,
0x0000029e49486000, 0x0000029e49483000, 0x0000029e49483800, 0x0000029e49487800,
0x0000029e49484800, 0x0000029e49489800, 0x0000029e451f7000, 0x0000029e4606b000
}

Java Threads: ( => current thread )
  0x0000029e20a3f800 JavaThread "main" [_thread_in_Java, id=6064, stack(0x000000a7bf400000,0x000000a7bf500000)]
  0x0000029e44759000 JavaThread "Reference Handler" daemon [_thread_blocked, id=11808, stack(0x000000a7bfb00000,0x000000a7bfc00000)]
  0x0000029e44763000 JavaThread "Finalizer" daemon [_thread_blocked, id=2500, stack(0x000000a7bfc00000,0x000000a7bfd00000)]
  0x0000029e45061000 JavaThread "Signal Dispatcher" daemon [_thread_blocked, id=16292, stack(0x000000a7bfd00000,0x000000a7bfe00000)]
  0x0000029e45062800 JavaThread "Attach Listener" daemon [_thread_blocked, id=4280, stack(0x000000a7bfe00000,0x000000a7bff00000)]
  0x0000029e45064800 JavaThread "Service Thread" daemon [_thread_blocked, id=16352, stack(0x000000a7bff00000,0x000000a7c0000000)]
  0x0000029e4506a000 JavaThread "C2 CompilerThread0" daemon [_thread_in_native, id=5808, stack(0x000000a7c0000000,0x000000a7c0100000)]
  0x0000029e45092000 JavaThread "C1 CompilerThread0" daemon [_thread_blocked, id=4056, stack(0x000000a7c0100000,0x000000a7c0200000)]
  0x0000029e45094000 JavaThread "Sweeper thread" daemon [_thread_blocked, id=5828, stack(0x000000a7c0200000,0x000000a7c0300000)]
  0x0000029e45202000 JavaThread "Common-Cleaner" daemon [_thread_blocked, id=15104, stack(0x000000a7c0300000,0x000000a7c0400000)]
  0x0000029e45f06000 JavaThread "Monitor Ctrl-Break" daemon [_thread_in_native, id=2856, stack(0x000000a7c0a00000,0x000000a7c0b00000)]
  0x0000029e49157800 JavaThread "Exec Default Executor" daemon [_thread_in_native, id=1880, stack(0x000000a7c0e00000,0x000000a7c0f00000)]
  0x0000029e475f1000 JavaThread "UrlChecker-2" daemon [_thread_blocked, id=6456, stack(0x000000a7c0f00000,0x000000a7c1000000)]
  0x0000029e4980c000 JavaThread "Exec Stream Pumper" daemon [_thread_in_native, id=1228, stack(0x000000a7c1100000,0x000000a7c1200000)]
  0x0000029e4a997000 JavaThread "Exec Stream Pumper" daemon [_thread_in_native, id=7812, stack(0x000000a7c1200000,0x000000a7c1300000)]
  0x0000029e4aeb5800 JavaThread "Keep-Alive-Timer" daemon [_thread_blocked, id=7244, stack(0x000000a7c1300000,0x000000a7c1400000)]
  0x0000029e4adeb800 JavaThread "ForkJoinPool.commonPool-worker-3" daemon [_thread_blocked, id=16052, stack(0x000000a7c1400000,0x000000a7c1500000)]
  0x0000029e48d02000 JavaThread "ForkJoinPool.commonPool-worker-5" daemon [_thread_blocked, id=4268, stack(0x000000a7c1500000,0x000000a7c1600000)]
  0x0000029e4af62000 JavaThread "ForkJoinPool.commonPool-worker-7" daemon [_thread_blocked, id=3692, stack(0x000000a7c1600000,0x000000a7c1700000)]
  0x0000029e4956a000 JavaThread "ForkJoinPool.commonPool-worker-9" daemon [_thread_blocked, id=12492, stack(0x000000a7c1700000,0x000000a7c1800000)]
  0x0000029e49486000 JavaThread "ForkJoinPool.commonPool-worker-11" daemon [_thread_blocked, id=260, stack(0x000000a7c1800000,0x000000a7c1900000)]
  0x0000029e49483000 JavaThread "ForkJoinPool.commonPool-worker-13" daemon [_thread_blocked, id=12096, stack(0x000000a7c1900000,0x000000a7c1a00000)]
  0x0000029e49483800 JavaThread "ForkJoinPool.commonPool-worker-15" daemon [_thread_blocked, id=10520, stack(0x000000a7c1a00000,0x000000a7c1b00000)]
  0x0000029e49487800 JavaThread "OkHttp ConnectionPool" daemon [_thread_blocked, id=1552, stack(0x000000a7c1b00000,0x000000a7c1c00000)]
  0x0000029e49484800 JavaThread "Okio Watchdog" daemon [_thread_blocked, id=6852, stack(0x000000a7c1c00000,0x000000a7c1d00000)]
  0x0000029e49489800 JavaThread "Webdrivers killer thread" daemon [_thread_blocked, id=11516, stack(0x000000a7c1d00000,0x000000a7c1e00000)]
  0x0000029e451f7000 JavaThread "C2 CompilerThread1" daemon [_thread_in_native, id=564, stack(0x000000a7c0400000,0x000000a7c0500000)]
=>0x0000029e4606b000 JavaThread "C2 CompilerThread2" daemon [_thread_in_native, id=12200, stack(0x000000a7c0c00000,0x000000a7c0d00000)]

Other Threads:
  0x0000029e44756000 VMThread "VM Thread" [stack: 0x000000a7bfa00000,0x000000a7bfb00000] [id=13812]
  0x0000029e45e92800 WatcherThread [stack: 0x000000a7c0b00000,0x000000a7c0c00000] [id=12580]
  0x0000029e20a56800 GCTaskThread "GC Thread#0" [stack: 0x000000a7bf500000,0x000000a7bf600000] [id=11668]
  0x0000029e45e3f000 GCTaskThread "GC Thread#1" [stack: 0x000000a7c0500000,0x000000a7c0600000] [id=6932]
  0x0000029e45dbd000 GCTaskThread "GC Thread#2" [stack: 0x000000a7c0600000,0x000000a7c0700000] [id=15180]
  0x0000029e45dbe000 GCTaskThread "GC Thread#3" [stack: 0x000000a7c0700000,0x000000a7c0800000] [id=4284]
  0x0000029e45e48000 GCTaskThread "GC Thread#4" [stack: 0x000000a7c0800000,0x000000a7c0900000] [id=12536]
  0x0000029e45e48800 GCTaskThread "GC Thread#5" [stack: 0x000000a7c0900000,0x000000a7c0a00000] [id=10868]
  0x0000029e20ab2000 ConcurrentGCThread "G1 Main Marker" [stack: 0x000000a7bf600000,0x000000a7bf700000] [id=9528]
  0x0000029e20ab6800 ConcurrentGCThread "G1 Conc#0" [stack: 0x000000a7bf700000,0x000000a7bf800000] [id=5416]
  0x0000029e45e6d000 ConcurrentGCThread "G1 Conc#1" [stack: 0x000000a7c0d00000,0x000000a7c0e00000] [id=11912]
  0x0000029e44632800 ConcurrentGCThread "G1 Refine#0" [stack: 0x000000a7bf800000,0x000000a7bf900000] [id=15072]
  0x0000029e44633800 ConcurrentGCThread "G1 Young RemSet Sampling" [stack: 0x000000a7bf900000,0x000000a7bfa00000] [id=4852]

Threads with active compile tasks:
C2 CompilerThread0     6629 3465       4       org.aspectj.apache.bcel.generic.MethodGen::<init> (998 bytes)
C2 CompilerThread1     6629 3754       4       org.aspectj.weaver.bcel.BcelClassWeaver::weave (885 bytes)
C2 CompilerThread2     6629 3757       4       org.aspectj.weaver.bcel.LazyMethodGen::initialize (127 bytes)

VM state:not at safepoint (normal execution)

VM Mutex/Monitor currently owned by a thread: None

Heap address: 0x0000000701e00000, size: 4066 MB, Compressed Oops mode: Zero based, Oop shift amount: 3
Narrow klass base: 0x0000000800000000, Narrow klass shift: 0
Compressed class space size: 1073741824 Address: 0x0000000800000000

Heap:
 garbage-first heap   total 262144K, used 75045K [0x0000000701e00000, 0x0000000800000000)
  region size 1024K, 52 young (53248K), 14 survivors (14336K)
 Metaspace       used 34500K, capacity 35226K, committed 35452K, reserved 1081344K
  class space    used 3566K, capacity 3827K, committed 3964K, reserved 1048576K
Heap Regions: E=young(eden), S=young(survivor), O=old, HS=humongous(starts), HC=humongous(continues), CS=collection set, F=free, A=archive, TAMS=top-at-mark-start (previous, next)
|   0|0x0000000701e00000, 0x0000000701f00000, 0x0000000701f00000|100%| O|  |TAMS 0x0000000701f00000, 0x0000000701e00000| Untracked 
|   1|0x0000000701f00000, 0x0000000702000000, 0x0000000702000000|100%| O|  |TAMS 0x0000000701f82c00, 0x0000000701f00000| Untracked 
|   2|0x0000000702000000, 0x0000000702100000, 0x0000000702100000|100%| O|  |TAMS 0x0000000702000000, 0x0000000702000000| Untracked 
|   3|0x0000000702100000, 0x0000000702200000, 0x0000000702200000|100%| O|  |TAMS 0x0000000702100000, 0x0000000702100000| Untracked 
|   4|0x0000000702200000, 0x0000000702300000, 0x0000000702300000|100%| O|  |TAMS 0x0000000702200000, 0x0000000702200000| Untracked 
|   5|0x0000000702300000, 0x0000000702400000, 0x0000000702400000|100%| O|  |TAMS 0x0000000702300000, 0x0000000702300000| Untracked 
|   6|0x0000000702400000, 0x0000000702500000, 0x0000000702500000|100%| O|  |TAMS 0x0000000702400000, 0x0000000702400000| Untracked 
|   7|0x0000000702500000, 0x0000000702600000, 0x0000000702600000|100%| O|  |TAMS 0x0000000702500000, 0x0000000702500000| Untracked 
|   8|0x0000000702600000, 0x0000000702700000, 0x0000000702700000|100%| O|  |TAMS 0x0000000702600000, 0x0000000702600000| Untracked 
|   9|0x0000000702700000, 0x0000000702800000, 0x0000000702800000|100%| O|  |TAMS 0x0000000702700000, 0x0000000702700000| Untracked 
|  10|0x0000000702800000, 0x0000000702900000, 0x0000000702900000|100%| O|  |TAMS 0x0000000702800000, 0x0000000702800000| Untracked 
|  11|0x0000000702900000, 0x0000000702a00000, 0x0000000702a00000|100%| O|  |TAMS 0x0000000702900000, 0x0000000702900000| Untracked 
|  12|0x0000000702a00000, 0x0000000702b00000, 0x0000000702b00000|100%| O|  |TAMS 0x0000000702a00000, 0x0000000702a00000| Untracked 
|  13|0x0000000702b00000, 0x0000000702c00000, 0x0000000702c00000|100%| O|  |TAMS 0x0000000702b00000, 0x0000000702b00000| Untracked 
|  14|0x0000000702c00000, 0x0000000702d00000, 0x0000000702d00000|100%| O|  |TAMS 0x0000000702c00000, 0x0000000702c00000| Untracked 
|  15|0x0000000702d00000, 0x0000000702e00000, 0x0000000702e00000|100%| O|  |TAMS 0x0000000702d00000, 0x0000000702d00000| Untracked 
|  16|0x0000000702e00000, 0x0000000702f00000, 0x0000000702f00000|100%| O|  |TAMS 0x0000000702e00000, 0x0000000702e00000| Untracked 
|  17|0x0000000702f00000, 0x0000000703000000, 0x0000000703000000|100%| O|  |TAMS 0x0000000702f00000, 0x0000000702f00000| Untracked 
|  18|0x0000000703000000, 0x0000000703100000, 0x0000000703100000|100%| O|  |TAMS 0x0000000703000000, 0x0000000703000000| Untracked 
|  19|0x0000000703100000, 0x0000000703200000, 0x0000000703200000|100%| O|  |TAMS 0x0000000703100000, 0x0000000703100000| Untracked 
|  20|0x0000000703200000, 0x0000000703300000, 0x0000000703300000|100%| O|  |TAMS 0x0000000703200000, 0x0000000703200000| Untracked 
|  21|0x0000000703300000, 0x0000000703400000, 0x0000000703400000|100%| O|  |TAMS 0x0000000703300000, 0x0000000703300000| Untracked 
|  22|0x0000000703400000, 0x0000000703449400, 0x0000000703500000| 28%| O|  |TAMS 0x0000000703400000, 0x0000000703400000| Untracked 
|  23|0x0000000703500000, 0x0000000703500000, 0x0000000703600000|  0%| F|  |TAMS 0x0000000703500000, 0x0000000703500000| Untracked 
|  24|0x0000000703600000, 0x0000000703600000, 0x0000000703700000|  0%| F|  |TAMS 0x0000000703600000, 0x0000000703600000| Untracked 
|  25|0x0000000703700000, 0x0000000703700000, 0x0000000703800000|  0%| F|  |TAMS 0x0000000703700000, 0x0000000703700000| Untracked 
|  26|0x0000000703800000, 0x0000000703800000, 0x0000000703900000|  0%| F|  |TAMS 0x0000000703800000, 0x0000000703800000| Untracked 
|  27|0x0000000703900000, 0x0000000703900000, 0x0000000703a00000|  0%| F|  |TAMS 0x0000000703900000, 0x0000000703900000| Untracked 
|  28|0x0000000703a00000, 0x0000000703a00000, 0x0000000703b00000|  0%| F|  |TAMS 0x0000000703a00000, 0x0000000703a00000| Untracked 
|  29|0x0000000703b00000, 0x0000000703b00000, 0x0000000703c00000|  0%| F|  |TAMS 0x0000000703b00000, 0x0000000703b00000| Untracked 
|  30|0x0000000703c00000, 0x0000000703c00000, 0x0000000703d00000|  0%| F|  |TAMS 0x0000000703c00000, 0x0000000703c00000| Untracked 
|  31|0x0000000703d00000, 0x0000000703d00000, 0x0000000703e00000|  0%| F|  |TAMS 0x0000000703d00000, 0x0000000703d00000| Untracked 
|  32|0x0000000703e00000, 0x0000000703e00000, 0x0000000703f00000|  0%| F|  |TAMS 0x0000000703e00000, 0x0000000703e00000| Untracked 
|  33|0x0000000703f00000, 0x0000000703f00000, 0x0000000704000000|  0%| F|  |TAMS 0x0000000703f00000, 0x0000000703f00000| Untracked 
|  34|0x0000000704000000, 0x0000000704000000, 0x0000000704100000|  0%| F|  |TAMS 0x0000000704000000, 0x0000000704000000| Untracked 
|  35|0x0000000704100000, 0x0000000704100000, 0x0000000704200000|  0%| F|  |TAMS 0x0000000704100000, 0x0000000704100000| Untracked 
|  36|0x0000000704200000, 0x0000000704200000, 0x0000000704300000|  0%| F|  |TAMS 0x0000000704200000, 0x0000000704200000| Untracked 
|  37|0x0000000704300000, 0x0000000704300000, 0x0000000704400000|  0%| F|  |TAMS 0x0000000704300000, 0x0000000704300000| Untracked 
|  38|0x0000000704400000, 0x0000000704400000, 0x0000000704500000|  0%| F|  |TAMS 0x0000000704400000, 0x0000000704400000| Untracked 
|  39|0x0000000704500000, 0x0000000704500000, 0x0000000704600000|  0%| F|  |TAMS 0x0000000704500000, 0x0000000704500000| Untracked 
|  40|0x0000000704600000, 0x0000000704600000, 0x0000000704700000|  0%| F|  |TAMS 0x0000000704600000, 0x0000000704600000| Untracked 
|  41|0x0000000704700000, 0x0000000704700000, 0x0000000704800000|  0%| F|  |TAMS 0x0000000704700000, 0x0000000704700000| Untracked 
|  42|0x0000000704800000, 0x0000000704800000, 0x0000000704900000|  0%| F|  |TAMS 0x0000000704800000, 0x0000000704800000| Untracked 
|  43|0x0000000704900000, 0x0000000704900000, 0x0000000704a00000|  0%| F|  |TAMS 0x0000000704900000, 0x0000000704900000| Untracked 
|  44|0x0000000704a00000, 0x0000000704a00000, 0x0000000704b00000|  0%| F|  |TAMS 0x0000000704a00000, 0x0000000704a00000| Untracked 
|  45|0x0000000704b00000, 0x0000000704b00000, 0x0000000704c00000|  0%| F|  |TAMS 0x0000000704b00000, 0x0000000704b00000| Untracked 
|  46|0x0000000704c00000, 0x0000000704c00000, 0x0000000704d00000|  0%| F|  |TAMS 0x0000000704c00000, 0x0000000704c00000| Untracked 
|  47|0x0000000704d00000, 0x0000000704d00000, 0x0000000704e00000|  0%| F|  |TAMS 0x0000000704d00000, 0x0000000704d00000| Untracked 
|  48|0x0000000704e00000, 0x0000000704e00000, 0x0000000704f00000|  0%| F|  |TAMS 0x0000000704e00000, 0x0000000704e00000| Untracked 
|  49|0x0000000704f00000, 0x0000000704f00000, 0x0000000705000000|  0%| F|  |TAMS 0x0000000704f00000, 0x0000000704f00000| Untracked 
|  50|0x0000000705000000, 0x0000000705000000, 0x0000000705100000|  0%| F|  |TAMS 0x0000000705000000, 0x0000000705000000| Untracked 
|  51|0x0000000705100000, 0x0000000705100000, 0x0000000705200000|  0%| F|  |TAMS 0x0000000705100000, 0x0000000705100000| Untracked 
|  52|0x0000000705200000, 0x0000000705200000, 0x0000000705300000|  0%| F|  |TAMS 0x0000000705200000, 0x0000000705200000| Untracked 
|  53|0x0000000705300000, 0x0000000705300000, 0x0000000705400000|  0%| F|  |TAMS 0x0000000705300000, 0x0000000705300000| Untracked 
|  54|0x0000000705400000, 0x0000000705400000, 0x0000000705500000|  0%| F|  |TAMS 0x0000000705400000, 0x0000000705400000| Untracked 
|  55|0x0000000705500000, 0x0000000705500000, 0x0000000705600000|  0%| F|  |TAMS 0x0000000705500000, 0x0000000705500000| Untracked 
|  56|0x0000000705600000, 0x0000000705600000, 0x0000000705700000|  0%| F|  |TAMS 0x0000000705600000, 0x0000000705600000| Untracked 
|  57|0x0000000705700000, 0x0000000705700000, 0x0000000705800000|  0%| F|  |TAMS 0x0000000705700000, 0x0000000705700000| Untracked 
|  58|0x0000000705800000, 0x0000000705800000, 0x0000000705900000|  0%| F|  |TAMS 0x0000000705800000, 0x0000000705800000| Untracked 
|  59|0x0000000705900000, 0x0000000705900000, 0x0000000705a00000|  0%| F|  |TAMS 0x0000000705900000, 0x0000000705900000| Untracked 
|  60|0x0000000705a00000, 0x0000000705a00000, 0x0000000705b00000|  0%| F|  |TAMS 0x0000000705a00000, 0x0000000705a00000| Untracked 
|  61|0x0000000705b00000, 0x0000000705b00000, 0x0000000705c00000|  0%| F|  |TAMS 0x0000000705b00000, 0x0000000705b00000| Untracked 
|  62|0x0000000705c00000, 0x0000000705c00000, 0x0000000705d00000|  0%| F|  |TAMS 0x0000000705c00000, 0x0000000705c00000| Untracked 
|  63|0x0000000705d00000, 0x0000000705d00000, 0x0000000705e00000|  0%| F|  |TAMS 0x0000000705d00000, 0x0000000705d00000| Untracked 
|  64|0x0000000705e00000, 0x0000000705e00000, 0x0000000705f00000|  0%| F|  |TAMS 0x0000000705e00000, 0x0000000705e00000| Untracked 
|  65|0x0000000705f00000, 0x0000000705f00000, 0x0000000706000000|  0%| F|  |TAMS 0x0000000705f00000, 0x0000000705f00000| Untracked 
|  66|0x0000000706000000, 0x0000000706000000, 0x0000000706100000|  0%| F|  |TAMS 0x0000000706000000, 0x0000000706000000| Untracked 
|  67|0x0000000706100000, 0x0000000706100000, 0x0000000706200000|  0%| F|  |TAMS 0x0000000706100000, 0x0000000706100000| Untracked 
|  68|0x0000000706200000, 0x0000000706200000, 0x0000000706300000|  0%| F|  |TAMS 0x0000000706200000, 0x0000000706200000| Untracked 
|  69|0x0000000706300000, 0x0000000706300000, 0x0000000706400000|  0%| F|  |TAMS 0x0000000706300000, 0x0000000706300000| Untracked 
|  70|0x0000000706400000, 0x0000000706400000, 0x0000000706500000|  0%| F|  |TAMS 0x0000000706400000, 0x0000000706400000| Untracked 
|  71|0x0000000706500000, 0x0000000706500000, 0x0000000706600000|  0%| F|  |TAMS 0x0000000706500000, 0x0000000706500000| Untracked 
|  72|0x0000000706600000, 0x0000000706600000, 0x0000000706700000|  0%| F|  |TAMS 0x0000000706600000, 0x0000000706600000| Untracked 
|  73|0x0000000706700000, 0x0000000706700000, 0x0000000706800000|  0%| F|  |TAMS 0x0000000706700000, 0x0000000706700000| Untracked 
|  74|0x0000000706800000, 0x0000000706800000, 0x0000000706900000|  0%| F|  |TAMS 0x0000000706800000, 0x0000000706800000| Untracked 
|  75|0x0000000706900000, 0x0000000706900000, 0x0000000706a00000|  0%| F|  |TAMS 0x0000000706900000, 0x0000000706900000| Untracked 
|  76|0x0000000706a00000, 0x0000000706a00000, 0x0000000706b00000|  0%| F|  |TAMS 0x0000000706a00000, 0x0000000706a00000| Untracked 
|  77|0x0000000706b00000, 0x0000000706b00000, 0x0000000706c00000|  0%| F|  |TAMS 0x0000000706b00000, 0x0000000706b00000| Untracked 
|  78|0x0000000706c00000, 0x0000000706c00000, 0x0000000706d00000|  0%| F|  |TAMS 0x0000000706c00000, 0x0000000706c00000| Untracked 
|  79|0x0000000706d00000, 0x0000000706d00000, 0x0000000706e00000|  0%| F|  |TAMS 0x0000000706d00000, 0x0000000706d00000| Untracked 
|  80|0x0000000706e00000, 0x0000000706e00000, 0x0000000706f00000|  0%| F|  |TAMS 0x0000000706e00000, 0x0000000706e00000| Untracked 
|  81|0x0000000706f00000, 0x0000000706f00000, 0x0000000707000000|  0%| F|  |TAMS 0x0000000706f00000, 0x0000000706f00000| Untracked 
|  82|0x0000000707000000, 0x0000000707000000, 0x0000000707100000|  0%| F|  |TAMS 0x0000000707000000, 0x0000000707000000| Untracked 
|  83|0x0000000707100000, 0x0000000707100000, 0x0000000707200000|  0%| F|  |TAMS 0x0000000707100000, 0x0000000707100000| Untracked 
|  84|0x0000000707200000, 0x0000000707200000, 0x0000000707300000|  0%| F|  |TAMS 0x0000000707200000, 0x0000000707200000| Untracked 
|  85|0x0000000707300000, 0x0000000707300000, 0x0000000707400000|  0%| F|  |TAMS 0x0000000707300000, 0x0000000707300000| Untracked 
|  86|0x0000000707400000, 0x0000000707400000, 0x0000000707500000|  0%| F|  |TAMS 0x0000000707400000, 0x0000000707400000| Untracked 
|  87|0x0000000707500000, 0x0000000707500000, 0x0000000707600000|  0%| F|  |TAMS 0x0000000707500000, 0x0000000707500000| Untracked 
|  88|0x0000000707600000, 0x0000000707600000, 0x0000000707700000|  0%| F|  |TAMS 0x0000000707600000, 0x0000000707600000| Untracked 
|  89|0x0000000707700000, 0x0000000707700000, 0x0000000707800000|  0%| F|  |TAMS 0x0000000707700000, 0x0000000707700000| Untracked 
|  90|0x0000000707800000, 0x0000000707800000, 0x0000000707900000|  0%| F|  |TAMS 0x0000000707800000, 0x0000000707800000| Untracked 
|  91|0x0000000707900000, 0x0000000707900000, 0x0000000707a00000|  0%| F|  |TAMS 0x0000000707900000, 0x0000000707900000| Untracked 
|  92|0x0000000707a00000, 0x0000000707a00000, 0x0000000707b00000|  0%| F|  |TAMS 0x0000000707a00000, 0x0000000707a00000| Untracked 
|  93|0x0000000707b00000, 0x0000000707b00000, 0x0000000707c00000|  0%| F|  |TAMS 0x0000000707b00000, 0x0000000707b00000| Untracked 
|  94|0x0000000707c00000, 0x0000000707c00000, 0x0000000707d00000|  0%| F|  |TAMS 0x0000000707c00000, 0x0000000707c00000| Untracked 
|  95|0x0000000707d00000, 0x0000000707d00000, 0x0000000707e00000|  0%| F|  |TAMS 0x0000000707d00000, 0x0000000707d00000| Untracked 
|  96|0x0000000707e00000, 0x0000000707e00000, 0x0000000707f00000|  0%| F|  |TAMS 0x0000000707e00000, 0x0000000707e00000| Untracked 
|  97|0x0000000707f00000, 0x0000000707f00000, 0x0000000708000000|  0%| F|  |TAMS 0x0000000707f00000, 0x0000000707f00000| Untracked 
|  98|0x0000000708000000, 0x0000000708000000, 0x0000000708100000|  0%| F|  |TAMS 0x0000000708000000, 0x0000000708000000| Untracked 
|  99|0x0000000708100000, 0x0000000708100000, 0x0000000708200000|  0%| F|  |TAMS 0x0000000708100000, 0x0000000708100000| Untracked 
| 100|0x0000000708200000, 0x0000000708200000, 0x0000000708300000|  0%| F|  |TAMS 0x0000000708200000, 0x0000000708200000| Untracked 
| 101|0x0000000708300000, 0x0000000708300000, 0x0000000708400000|  0%| F|  |TAMS 0x0000000708300000, 0x0000000708300000| Untracked 
| 102|0x0000000708400000, 0x0000000708400000, 0x0000000708500000|  0%| F|  |TAMS 0x0000000708400000, 0x0000000708400000| Untracked 
| 103|0x0000000708500000, 0x0000000708500000, 0x0000000708600000|  0%| F|  |TAMS 0x0000000708500000, 0x0000000708500000| Untracked 
| 104|0x0000000708600000, 0x0000000708600000, 0x0000000708700000|  0%| F|  |TAMS 0x0000000708600000, 0x0000000708600000| Untracked 
| 105|0x0000000708700000, 0x0000000708700000, 0x0000000708800000|  0%| F|  |TAMS 0x0000000708700000, 0x0000000708700000| Untracked 
| 106|0x0000000708800000, 0x0000000708800000, 0x0000000708900000|  0%| F|  |TAMS 0x0000000708800000, 0x0000000708800000| Untracked 
| 107|0x0000000708900000, 0x0000000708900000, 0x0000000708a00000|  0%| F|  |TAMS 0x0000000708900000, 0x0000000708900000| Untracked 
| 108|0x0000000708a00000, 0x0000000708a00000, 0x0000000708b00000|  0%| F|  |TAMS 0x0000000708a00000, 0x0000000708a00000| Untracked 
| 109|0x0000000708b00000, 0x0000000708b00000, 0x0000000708c00000|  0%| F|  |TAMS 0x0000000708b00000, 0x0000000708b00000| Untracked 
| 110|0x0000000708c00000, 0x0000000708c00000, 0x0000000708d00000|  0%| F|  |TAMS 0x0000000708c00000, 0x0000000708c00000| Untracked 
| 111|0x0000000708d00000, 0x0000000708d00000, 0x0000000708e00000|  0%| F|  |TAMS 0x0000000708d00000, 0x0000000708d00000| Untracked 
| 112|0x0000000708e00000, 0x0000000708e00000, 0x0000000708f00000|  0%| F|  |TAMS 0x0000000708e00000, 0x0000000708e00000| Untracked 
| 113|0x0000000708f00000, 0x0000000708f00000, 0x0000000709000000|  0%| F|  |TAMS 0x0000000708f00000, 0x0000000708f00000| Untracked 
| 114|0x0000000709000000, 0x0000000709000000, 0x0000000709100000|  0%| F|  |TAMS 0x0000000709000000, 0x0000000709000000| Untracked 
| 115|0x0000000709100000, 0x0000000709100000, 0x0000000709200000|  0%| F|  |TAMS 0x0000000709100000, 0x0000000709100000| Untracked 
| 116|0x0000000709200000, 0x0000000709200000, 0x0000000709300000|  0%| F|  |TAMS 0x0000000709200000, 0x0000000709200000| Untracked 
| 117|0x0000000709300000, 0x0000000709300000, 0x0000000709400000|  0%| F|  |TAMS 0x0000000709300000, 0x0000000709300000| Untracked 
| 118|0x0000000709400000, 0x0000000709400000, 0x0000000709500000|  0%| F|  |TAMS 0x0000000709400000, 0x0000000709400000| Untracked 
| 119|0x0000000709500000, 0x0000000709500000, 0x0000000709600000|  0%| F|  |TAMS 0x0000000709500000, 0x0000000709500000| Untracked 
| 120|0x0000000709600000, 0x0000000709600000, 0x0000000709700000|  0%| F|  |TAMS 0x0000000709600000, 0x0000000709600000| Untracked 
| 121|0x0000000709700000, 0x0000000709700000, 0x0000000709800000|  0%| F|  |TAMS 0x0000000709700000, 0x0000000709700000| Untracked 
| 122|0x0000000709800000, 0x0000000709800000, 0x0000000709900000|  0%| F|  |TAMS 0x0000000709800000, 0x0000000709800000| Untracked 
| 123|0x0000000709900000, 0x0000000709900000, 0x0000000709a00000|  0%| F|  |TAMS 0x0000000709900000, 0x0000000709900000| Untracked 
| 124|0x0000000709a00000, 0x0000000709a00000, 0x0000000709b00000|  0%| F|  |TAMS 0x0000000709a00000, 0x0000000709a00000| Untracked 
| 125|0x0000000709b00000, 0x0000000709b00000, 0x0000000709c00000|  0%| F|  |TAMS 0x0000000709b00000, 0x0000000709b00000| Untracked 
| 126|0x0000000709c00000, 0x0000000709c00000, 0x0000000709d00000|  0%| F|  |TAMS 0x0000000709c00000, 0x0000000709c00000| Untracked 
| 127|0x0000000709d00000, 0x0000000709d00000, 0x0000000709e00000|  0%| F|  |TAMS 0x0000000709d00000, 0x0000000709d00000| Untracked 
| 128|0x0000000709e00000, 0x0000000709e00000, 0x0000000709f00000|  0%| F|  |TAMS 0x0000000709e00000, 0x0000000709e00000| Untracked 
| 129|0x0000000709f00000, 0x0000000709f00000, 0x000000070a000000|  0%| F|  |TAMS 0x0000000709f00000, 0x0000000709f00000| Untracked 
| 130|0x000000070a000000, 0x000000070a000000, 0x000000070a100000|  0%| F|  |TAMS 0x000000070a000000, 0x000000070a000000| Untracked 
| 131|0x000000070a100000, 0x000000070a100000, 0x000000070a200000|  0%| F|  |TAMS 0x000000070a100000, 0x000000070a100000| Untracked 
| 132|0x000000070a200000, 0x000000070a300000, 0x000000070a300000|100%| S|CS|TAMS 0x000000070a200000, 0x000000070a200000| Complete 
| 133|0x000000070a300000, 0x000000070a400000, 0x000000070a400000|100%| S|CS|TAMS 0x000000070a300000, 0x000000070a300000| Complete 
| 134|0x000000070a400000, 0x000000070a500000, 0x000000070a500000|100%| S|CS|TAMS 0x000000070a400000, 0x000000070a400000| Complete 
| 135|0x000000070a500000, 0x000000070a600000, 0x000000070a600000|100%| S|CS|TAMS 0x000000070a500000, 0x000000070a500000| Complete 
| 136|0x000000070a600000, 0x000000070a700000, 0x000000070a700000|100%| S|CS|TAMS 0x000000070a600000, 0x000000070a600000| Complete 
| 137|0x000000070a700000, 0x000000070a800000, 0x000000070a800000|100%| S|CS|TAMS 0x000000070a700000, 0x000000070a700000| Complete 
| 138|0x000000070a800000, 0x000000070a900000, 0x000000070a900000|100%| S|CS|TAMS 0x000000070a800000, 0x000000070a800000| Complete 
| 139|0x000000070a900000, 0x000000070aa00000, 0x000000070aa00000|100%| S|CS|TAMS 0x000000070a900000, 0x000000070a900000| Complete 
| 140|0x000000070aa00000, 0x000000070ab00000, 0x000000070ab00000|100%| S|CS|TAMS 0x000000070aa00000, 0x000000070aa00000| Complete 
| 141|0x000000070ab00000, 0x000000070ac00000, 0x000000070ac00000|100%| S|CS|TAMS 0x000000070ab00000, 0x000000070ab00000| Complete 
| 142|0x000000070ac00000, 0x000000070ad00000, 0x000000070ad00000|100%| S|CS|TAMS 0x000000070ac00000, 0x000000070ac00000| Complete 
| 143|0x000000070ad00000, 0x000000070ae00000, 0x000000070ae00000|100%| S|CS|TAMS 0x000000070ad00000, 0x000000070ad00000| Complete 
| 144|0x000000070ae00000, 0x000000070af00000, 0x000000070af00000|100%| S|CS|TAMS 0x000000070ae00000, 0x000000070ae00000| Complete 
| 145|0x000000070af00000, 0x000000070b000000, 0x000000070b000000|100%| S|CS|TAMS 0x000000070af00000, 0x000000070af00000| Complete 
| 146|0x000000070b000000, 0x000000070b000000, 0x000000070b100000|  0%| F|  |TAMS 0x000000070b000000, 0x000000070b000000| Untracked 
| 147|0x000000070b100000, 0x000000070b100000, 0x000000070b200000|  0%| F|  |TAMS 0x000000070b100000, 0x000000070b100000| Untracked 
| 148|0x000000070b200000, 0x000000070b200000, 0x000000070b300000|  0%| F|  |TAMS 0x000000070b200000, 0x000000070b200000| Untracked 
| 149|0x000000070b300000, 0x000000070b300000, 0x000000070b400000|  0%| F|  |TAMS 0x000000070b300000, 0x000000070b300000| Untracked 
| 150|0x000000070b400000, 0x000000070b400000, 0x000000070b500000|  0%| F|  |TAMS 0x000000070b400000, 0x000000070b400000| Untracked 
| 151|0x000000070b500000, 0x000000070b500000, 0x000000070b600000|  0%| F|  |TAMS 0x000000070b500000, 0x000000070b500000| Untracked 
| 152|0x000000070b600000, 0x000000070b600000, 0x000000070b700000|  0%| F|  |TAMS 0x000000070b600000, 0x000000070b600000| Untracked 
| 153|0x000000070b700000, 0x000000070b700000, 0x000000070b800000|  0%| F|  |TAMS 0x000000070b700000, 0x000000070b700000| Untracked 
| 154|0x000000070b800000, 0x000000070b800000, 0x000000070b900000|  0%| F|  |TAMS 0x000000070b800000, 0x000000070b800000| Untracked 
| 155|0x000000070b900000, 0x000000070b900000, 0x000000070ba00000|  0%| F|  |TAMS 0x000000070b900000, 0x000000070b900000| Untracked 
| 156|0x000000070ba00000, 0x000000070ba00000, 0x000000070bb00000|  0%| F|  |TAMS 0x000000070ba00000, 0x000000070ba00000| Untracked 
| 157|0x000000070bb00000, 0x000000070bb00000, 0x000000070bc00000|  0%| F|  |TAMS 0x000000070bb00000, 0x000000070bb00000| Untracked 
| 158|0x000000070bc00000, 0x000000070bc00000, 0x000000070bd00000|  0%| F|  |TAMS 0x000000070bc00000, 0x000000070bc00000| Untracked 
| 159|0x000000070bd00000, 0x000000070bd00000, 0x000000070be00000|  0%| F|  |TAMS 0x000000070bd00000, 0x000000070bd00000| Untracked 
| 160|0x000000070be00000, 0x000000070be00000, 0x000000070bf00000|  0%| F|  |TAMS 0x000000070be00000, 0x000000070be00000| Untracked 
| 161|0x000000070bf00000, 0x000000070bf00000, 0x000000070c000000|  0%| F|  |TAMS 0x000000070bf00000, 0x000000070bf00000| Untracked 
| 162|0x000000070c000000, 0x000000070c000000, 0x000000070c100000|  0%| F|  |TAMS 0x000000070c000000, 0x000000070c000000| Untracked 
| 163|0x000000070c100000, 0x000000070c100000, 0x000000070c200000|  0%| F|  |TAMS 0x000000070c100000, 0x000000070c100000| Untracked 
| 164|0x000000070c200000, 0x000000070c200000, 0x000000070c300000|  0%| F|  |TAMS 0x000000070c200000, 0x000000070c200000| Untracked 
| 165|0x000000070c300000, 0x000000070c300000, 0x000000070c400000|  0%| F|  |TAMS 0x000000070c300000, 0x000000070c300000| Untracked 
| 166|0x000000070c400000, 0x000000070c400000, 0x000000070c500000|  0%| F|  |TAMS 0x000000070c400000, 0x000000070c400000| Untracked 
| 167|0x000000070c500000, 0x000000070c500000, 0x000000070c600000|  0%| F|  |TAMS 0x000000070c500000, 0x000000070c500000| Untracked 
| 168|0x000000070c600000, 0x000000070c600000, 0x000000070c700000|  0%| F|  |TAMS 0x000000070c600000, 0x000000070c600000| Untracked 
| 169|0x000000070c700000, 0x000000070c700000, 0x000000070c800000|  0%| F|  |TAMS 0x000000070c700000, 0x000000070c700000| Untracked 
| 170|0x000000070c800000, 0x000000070c800000, 0x000000070c900000|  0%| F|  |TAMS 0x000000070c800000, 0x000000070c800000| Untracked 
| 171|0x000000070c900000, 0x000000070c900000, 0x000000070ca00000|  0%| F|  |TAMS 0x000000070c900000, 0x000000070c900000| Untracked 
| 172|0x000000070ca00000, 0x000000070ca00000, 0x000000070cb00000|  0%| F|  |TAMS 0x000000070ca00000, 0x000000070ca00000| Untracked 
| 173|0x000000070cb00000, 0x000000070cb00000, 0x000000070cc00000|  0%| F|  |TAMS 0x000000070cb00000, 0x000000070cb00000| Untracked 
| 174|0x000000070cc00000, 0x000000070cc00000, 0x000000070cd00000|  0%| F|  |TAMS 0x000000070cc00000, 0x000000070cc00000| Untracked 
| 175|0x000000070cd00000, 0x000000070cd00000, 0x000000070ce00000|  0%| F|  |TAMS 0x000000070cd00000, 0x000000070cd00000| Untracked 
| 176|0x000000070ce00000, 0x000000070ce00000, 0x000000070cf00000|  0%| F|  |TAMS 0x000000070ce00000, 0x000000070ce00000| Untracked 
| 177|0x000000070cf00000, 0x000000070cf00000, 0x000000070d000000|  0%| F|  |TAMS 0x000000070cf00000, 0x000000070cf00000| Untracked 
| 178|0x000000070d000000, 0x000000070d000000, 0x000000070d100000|  0%| F|  |TAMS 0x000000070d000000, 0x000000070d000000| Untracked 
| 179|0x000000070d100000, 0x000000070d100000, 0x000000070d200000|  0%| F|  |TAMS 0x000000070d100000, 0x000000070d100000| Untracked 
| 180|0x000000070d200000, 0x000000070d200000, 0x000000070d300000|  0%| F|  |TAMS 0x000000070d200000, 0x000000070d200000| Untracked 
| 181|0x000000070d300000, 0x000000070d300000, 0x000000070d400000|  0%| F|  |TAMS 0x000000070d300000, 0x000000070d300000| Untracked 
| 182|0x000000070d400000, 0x000000070d400000, 0x000000070d500000|  0%| F|  |TAMS 0x000000070d400000, 0x000000070d400000| Untracked 
| 183|0x000000070d500000, 0x000000070d500000, 0x000000070d600000|  0%| F|  |TAMS 0x000000070d500000, 0x000000070d500000| Untracked 
| 184|0x000000070d600000, 0x000000070d600000, 0x000000070d700000|  0%| F|  |TAMS 0x000000070d600000, 0x000000070d600000| Untracked 
| 185|0x000000070d700000, 0x000000070d700000, 0x000000070d800000|  0%| F|  |TAMS 0x000000070d700000, 0x000000070d700000| Untracked 
| 186|0x000000070d800000, 0x000000070d800000, 0x000000070d900000|  0%| F|  |TAMS 0x000000070d800000, 0x000000070d800000| Untracked 
| 187|0x000000070d900000, 0x000000070d900000, 0x000000070da00000|  0%| F|  |TAMS 0x000000070d900000, 0x000000070d900000| Untracked 
| 188|0x000000070da00000, 0x000000070da00000, 0x000000070db00000|  0%| F|  |TAMS 0x000000070da00000, 0x000000070da00000| Untracked 
| 189|0x000000070db00000, 0x000000070db00000, 0x000000070dc00000|  0%| F|  |TAMS 0x000000070db00000, 0x000000070db00000| Untracked 
| 190|0x000000070dc00000, 0x000000070dc00000, 0x000000070dd00000|  0%| F|  |TAMS 0x000000070dc00000, 0x000000070dc00000| Untracked 
| 191|0x000000070dd00000, 0x000000070dd00000, 0x000000070de00000|  0%| F|  |TAMS 0x000000070dd00000, 0x000000070dd00000| Untracked 
| 192|0x000000070de00000, 0x000000070de00000, 0x000000070df00000|  0%| F|  |TAMS 0x000000070de00000, 0x000000070de00000| Untracked 
| 193|0x000000070df00000, 0x000000070df00000, 0x000000070e000000|  0%| F|  |TAMS 0x000000070df00000, 0x000000070df00000| Untracked 
| 194|0x000000070e000000, 0x000000070e000000, 0x000000070e100000|  0%| F|  |TAMS 0x000000070e000000, 0x000000070e000000| Untracked 
| 195|0x000000070e100000, 0x000000070e100000, 0x000000070e200000|  0%| F|  |TAMS 0x000000070e100000, 0x000000070e100000| Untracked 
| 196|0x000000070e200000, 0x000000070e200000, 0x000000070e300000|  0%| F|  |TAMS 0x000000070e200000, 0x000000070e200000| Untracked 
| 197|0x000000070e300000, 0x000000070e300000, 0x000000070e400000|  0%| F|  |TAMS 0x000000070e300000, 0x000000070e300000| Untracked 
| 198|0x000000070e400000, 0x000000070e400000, 0x000000070e500000|  0%| F|  |TAMS 0x000000070e400000, 0x000000070e400000| Untracked 
| 199|0x000000070e500000, 0x000000070e500000, 0x000000070e600000|  0%| F|  |TAMS 0x000000070e500000, 0x000000070e500000| Untracked 
| 200|0x000000070e600000, 0x000000070e600000, 0x000000070e700000|  0%| F|  |TAMS 0x000000070e600000, 0x000000070e600000| Untracked 
| 201|0x000000070e700000, 0x000000070e700000, 0x000000070e800000|  0%| F|  |TAMS 0x000000070e700000, 0x000000070e700000| Untracked 
| 202|0x000000070e800000, 0x000000070e800000, 0x000000070e900000|  0%| F|  |TAMS 0x000000070e800000, 0x000000070e800000| Untracked 
| 203|0x000000070e900000, 0x000000070e900000, 0x000000070ea00000|  0%| F|  |TAMS 0x000000070e900000, 0x000000070e900000| Untracked 
| 204|0x000000070ea00000, 0x000000070ea00000, 0x000000070eb00000|  0%| F|  |TAMS 0x000000070ea00000, 0x000000070ea00000| Untracked 
| 205|0x000000070eb00000, 0x000000070eb00000, 0x000000070ec00000|  0%| F|  |TAMS 0x000000070eb00000, 0x000000070eb00000| Untracked 
| 206|0x000000070ec00000, 0x000000070ec00000, 0x000000070ed00000|  0%| F|  |TAMS 0x000000070ec00000, 0x000000070ec00000| Untracked 
| 207|0x000000070ed00000, 0x000000070ed00000, 0x000000070ee00000|  0%| F|  |TAMS 0x000000070ed00000, 0x000000070ed00000| Untracked 
| 208|0x000000070ee00000, 0x000000070ee00000, 0x000000070ef00000|  0%| F|  |TAMS 0x000000070ee00000, 0x000000070ee00000| Untracked 
| 209|0x000000070ef00000, 0x000000070ef00000, 0x000000070f000000|  0%| F|  |TAMS 0x000000070ef00000, 0x000000070ef00000| Untracked 
| 210|0x000000070f000000, 0x000000070f000000, 0x000000070f100000|  0%| F|  |TAMS 0x000000070f000000, 0x000000070f000000| Untracked 
| 211|0x000000070f100000, 0x000000070f100000, 0x000000070f200000|  0%| F|  |TAMS 0x000000070f100000, 0x000000070f100000| Untracked 
| 212|0x000000070f200000, 0x000000070f200000, 0x000000070f300000|  0%| F|  |TAMS 0x000000070f200000, 0x000000070f200000| Untracked 
| 213|0x000000070f300000, 0x000000070f300000, 0x000000070f400000|  0%| F|  |TAMS 0x000000070f300000, 0x000000070f300000| Untracked 
| 214|0x000000070f400000, 0x000000070f400000, 0x000000070f500000|  0%| F|  |TAMS 0x000000070f400000, 0x000000070f400000| Untracked 
| 215|0x000000070f500000, 0x000000070f500000, 0x000000070f600000|  0%| F|  |TAMS 0x000000070f500000, 0x000000070f500000| Untracked 
| 216|0x000000070f600000, 0x000000070f600000, 0x000000070f700000|  0%| F|  |TAMS 0x000000070f600000, 0x000000070f600000| Untracked 
| 217|0x000000070f700000, 0x000000070f700000, 0x000000070f800000|  0%| F|  |TAMS 0x000000070f700000, 0x000000070f700000| Untracked 
| 218|0x000000070f800000, 0x000000070f900000, 0x000000070f900000|100%| E|  |TAMS 0x000000070f800000, 0x000000070f800000| Complete 
| 219|0x000000070f900000, 0x000000070fa00000, 0x000000070fa00000|100%| E|CS|TAMS 0x000000070f900000, 0x000000070f900000| Complete 
| 220|0x000000070fa00000, 0x000000070fb00000, 0x000000070fb00000|100%| E|CS|TAMS 0x000000070fa00000, 0x000000070fa00000| Complete 
| 221|0x000000070fb00000, 0x000000070fc00000, 0x000000070fc00000|100%| E|CS|TAMS 0x000000070fb00000, 0x000000070fb00000| Complete 
| 222|0x000000070fc00000, 0x000000070fd00000, 0x000000070fd00000|100%| E|CS|TAMS 0x000000070fc00000, 0x000000070fc00000| Complete 
| 223|0x000000070fd00000, 0x000000070fe00000, 0x000000070fe00000|100%| E|CS|TAMS 0x000000070fd00000, 0x000000070fd00000| Complete 
| 224|0x000000070fe00000, 0x000000070ff00000, 0x000000070ff00000|100%| E|CS|TAMS 0x000000070fe00000, 0x000000070fe00000| Complete 
| 225|0x000000070ff00000, 0x0000000710000000, 0x0000000710000000|100%| E|CS|TAMS 0x000000070ff00000, 0x000000070ff00000| Complete 
| 226|0x0000000710000000, 0x0000000710100000, 0x0000000710100000|100%| E|CS|TAMS 0x0000000710000000, 0x0000000710000000| Complete 
| 227|0x0000000710100000, 0x0000000710200000, 0x0000000710200000|100%| E|CS|TAMS 0x0000000710100000, 0x0000000710100000| Complete 
| 228|0x0000000710200000, 0x0000000710300000, 0x0000000710300000|100%| E|CS|TAMS 0x0000000710200000, 0x0000000710200000| Complete 
| 229|0x0000000710300000, 0x0000000710400000, 0x0000000710400000|100%| E|CS|TAMS 0x0000000710300000, 0x0000000710300000| Complete 
| 230|0x0000000710400000, 0x0000000710500000, 0x0000000710500000|100%| E|CS|TAMS 0x0000000710400000, 0x0000000710400000| Complete 
| 231|0x0000000710500000, 0x0000000710600000, 0x0000000710600000|100%| E|CS|TAMS 0x0000000710500000, 0x0000000710500000| Complete 
| 232|0x0000000710600000, 0x0000000710700000, 0x0000000710700000|100%| E|CS|TAMS 0x0000000710600000, 0x0000000710600000| Complete 
| 233|0x0000000710700000, 0x0000000710800000, 0x0000000710800000|100%| E|CS|TAMS 0x0000000710700000, 0x0000000710700000| Complete 
| 234|0x0000000710800000, 0x0000000710900000, 0x0000000710900000|100%| E|CS|TAMS 0x0000000710800000, 0x0000000710800000| Complete 
| 235|0x0000000710900000, 0x0000000710a00000, 0x0000000710a00000|100%| E|CS|TAMS 0x0000000710900000, 0x0000000710900000| Complete 
| 236|0x0000000710a00000, 0x0000000710b00000, 0x0000000710b00000|100%| E|CS|TAMS 0x0000000710a00000, 0x0000000710a00000| Complete 
| 237|0x0000000710b00000, 0x0000000710c00000, 0x0000000710c00000|100%| E|CS|TAMS 0x0000000710b00000, 0x0000000710b00000| Complete 
| 238|0x0000000710c00000, 0x0000000710d00000, 0x0000000710d00000|100%| E|CS|TAMS 0x0000000710c00000, 0x0000000710c00000| Complete 
| 239|0x0000000710d00000, 0x0000000710e00000, 0x0000000710e00000|100%| E|CS|TAMS 0x0000000710d00000, 0x0000000710d00000| Complete 
| 240|0x0000000710e00000, 0x0000000710f00000, 0x0000000710f00000|100%| E|CS|TAMS 0x0000000710e00000, 0x0000000710e00000| Complete 
| 241|0x0000000710f00000, 0x0000000711000000, 0x0000000711000000|100%| E|CS|TAMS 0x0000000710f00000, 0x0000000710f00000| Complete 
| 242|0x0000000711000000, 0x0000000711100000, 0x0000000711100000|100%| E|CS|TAMS 0x0000000711000000, 0x0000000711000000| Complete 
| 243|0x0000000711100000, 0x0000000711200000, 0x0000000711200000|100%| E|CS|TAMS 0x0000000711100000, 0x0000000711100000| Complete 
| 244|0x0000000711200000, 0x0000000711300000, 0x0000000711300000|100%| E|CS|TAMS 0x0000000711200000, 0x0000000711200000| Complete 
| 245|0x0000000711300000, 0x0000000711400000, 0x0000000711400000|100%| E|CS|TAMS 0x0000000711300000, 0x0000000711300000| Complete 
| 246|0x0000000711400000, 0x0000000711500000, 0x0000000711500000|100%| E|CS|TAMS 0x0000000711400000, 0x0000000711400000| Complete 
| 247|0x0000000711500000, 0x0000000711600000, 0x0000000711600000|100%| E|CS|TAMS 0x0000000711500000, 0x0000000711500000| Complete 
| 248|0x0000000711600000, 0x0000000711700000, 0x0000000711700000|100%| E|CS|TAMS 0x0000000711600000, 0x0000000711600000| Complete 
| 249|0x0000000711700000, 0x0000000711800000, 0x0000000711800000|100%| E|CS|TAMS 0x0000000711700000, 0x0000000711700000| Complete 
| 250|0x0000000711800000, 0x0000000711900000, 0x0000000711900000|100%| E|CS|TAMS 0x0000000711800000, 0x0000000711800000| Complete 
| 251|0x0000000711900000, 0x0000000711a00000, 0x0000000711a00000|100%| E|CS|TAMS 0x0000000711900000, 0x0000000711900000| Complete 
| 252|0x0000000711a00000, 0x0000000711b00000, 0x0000000711b00000|100%| E|CS|TAMS 0x0000000711a00000, 0x0000000711a00000| Complete 
| 253|0x0000000711b00000, 0x0000000711c00000, 0x0000000711c00000|100%| E|CS|TAMS 0x0000000711b00000, 0x0000000711b00000| Complete 
| 254|0x0000000711c00000, 0x0000000711d00000, 0x0000000711d00000|100%| E|CS|TAMS 0x0000000711c00000, 0x0000000711c00000| Complete 
| 255|0x0000000711d00000, 0x0000000711e00000, 0x0000000711e00000|100%| E|CS|TAMS 0x0000000711d00000, 0x0000000711d00000| Complete 

Card table byte_map: [0x0000029e38cc0000,0x0000029e394c0000] _byte_map_base: 0x0000029e354b1000

Marking Bits (Prev, Next): (CMBitMap*) 0x0000029e20aa0570, (CMBitMap*) 0x0000029e20aa0538
 Prev Bits: [0x0000029e3dc50000, 0x0000029e41bd8000)
 Next Bits: [0x0000029e39cc0000, 0x0000029e3dc48000)

Polling page: 0x0000029e1e9e0000

Metaspace:

Usage:
  Non-class:     30.73 MB capacity,    30.31 MB ( 99%) used,   352.55 KB (  1%) free+waste,    80.38 KB ( <1%) overhead. 
      Class:      3.74 MB capacity,     3.50 MB ( 93%) used,   212.97 KB (  6%) free+waste,    36.38 KB ( <1%) overhead. 
       Both:     34.47 MB capacity,    33.80 MB ( 98%) used,   565.52 KB (  2%) free+waste,   116.75 KB ( <1%) overhead. 

Virtual space:
  Non-class space:       32.00 MB reserved,      30.75 MB ( 96%) committed 
      Class space:        1.00 GB reserved,       3.87 MB ( <1%) committed 
             Both:        1.03 GB reserved,      34.62 MB (  3%) committed 

Chunk freelists:
   Non-Class:  21.00 KB
       Class:  11.00 KB
        Both:  32.00 KB

MaxMetaspaceSize: 17179869184.00 GB
CompressedClassSpaceSize: 1.00 GB
Initial GC threshold: 20.80 MB
Current GC threshold: 35.20 MB
CDS: off

CodeHeap 'non-profiled nmethods': size=120000Kb used=2668Kb max_used=2668Kb free=117331Kb
 bounds [0x0000029e30c60000, 0x0000029e30f00000, 0x0000029e38190000]
CodeHeap 'profiled nmethods': size=120000Kb used=9039Kb max_used=9039Kb free=110961Kb
 bounds [0x0000029e29730000, 0x0000029e2a010000, 0x0000029e30c60000]
CodeHeap 'non-nmethods': size=5760Kb used=1246Kb max_used=1296Kb free=4513Kb
 bounds [0x0000029e29190000, 0x0000029e29400000, 0x0000029e29730000]
 total_blobs=4241 nmethods=3715 adapters=437
 compilation: enabled
              stopped_count=0, restarted_count=0
 full_count=0

Compilation events (20 events):
Event: 6.480 Thread 0x0000029e4606b000 nmethod 3732 0x0000029e30ef3910 code [0x0000029e30ef3c20, 0x0000029e30ef6f90]
Event: 6.480 Thread 0x0000029e4606b000 3758       4       org.aspectj.weaver.ReferenceType::isAspect (10 bytes)
Event: 6.480 Thread 0x0000029e4606b000 nmethod 3758 0x0000029e30ef8710 code [0x0000029e30ef88a0, 0x0000029e30ef8958]
Event: 6.480 Thread 0x0000029e4606b000 3760       4       sun.nio.fs.WindowsPathParser::normalize (233 bytes)
Event: 6.508 Thread 0x0000029e45092000 3765       3       org.aspectj.weaver.UnresolvedType::signatureToName (683 bytes)
Event: 6.508 Thread 0x0000029e4606b000 nmethod 3760 0x0000029e30ef8a90 code [0x0000029e30ef8ca0, 0x0000029e30ef9c60]
Event: 6.508 Thread 0x0000029e4606b000 3764       4       java.util.HashMap::put (13 bytes)
Event: 6.509 Thread 0x0000029e4606b000 nmethod 3764 0x0000029e30efa690 code [0x0000029e30efa840, 0x0000029e30efa968]
Event: 6.509 Thread 0x0000029e4606b000 3763       4       org.aspectj.apache.bcel.generic.Type::getSize (46 bytes)
Event: 6.510 Thread 0x0000029e4606b000 nmethod 3763 0x0000029e30efaa90 code [0x0000029e30efac20, 0x0000029e30efacd8]
Event: 6.510 Thread 0x0000029e4606b000 3757       4       org.aspectj.weaver.bcel.LazyMethodGen::initialize (127 bytes)
Event: 6.513 Thread 0x0000029e45092000 nmethod 3765 0x0000029e29feab10 code [0x0000029e29feb400, 0x0000029e29ff1008]
Event: 6.513 Thread 0x0000029e45092000 3766   !   3       org.aspectj.weaver.World::resolve (297 bytes)
Event: 6.516 Thread 0x0000029e45092000 nmethod 3766 0x0000029e29ff2c90 code [0x0000029e29ff3120, 0x0000029e29ff5778]
Event: 6.539 Thread 0x0000029e45092000 3769       3       org.aspectj.util.PartialOrder::removeFromGraph (47 bytes)
Event: 6.539 Thread 0x0000029e45092000 nmethod 3769 0x0000029e29ff6590 code [0x0000029e29ff67e0, 0x0000029e29ff70b8]
Event: 6.565 Thread 0x0000029e45092000 3770       3       org.aspectj.weaver.TypeFactory::createTypeFromSignature (985 bytes)
Event: 6.575 Thread 0x0000029e45092000 nmethod 3770 0x0000029e29ff7390 code [0x0000029e29ff8040, 0x0000029e2a0004f8]
Event: 6.575 Thread 0x0000029e45092000 3771       3       org.aspectj.weaver.UnresolvedType::getTypeVariableNamed (61 bytes)
Event: 6.576 Thread 0x0000029e45092000 nmethod 3771 0x0000029e2a003190 code [0x0000029e2a003380, 0x0000029e2a003778]

GC Heap History (10 events):
Event: 0.582 GC heap before
{Heap before GC invocations=0 (full 0):
 garbage-first heap   total 262144K, used 23552K [0x0000000701e00000, 0x0000000800000000)
  region size 1024K, 24 young (24576K), 0 survivors (0K)
 Metaspace       used 12727K, capacity 12933K, committed 13056K, reserved 1060864K
  class space    used 1173K, capacity 1246K, committed 1280K, reserved 1048576K
}
Event: 0.585 GC heap after
{Heap after GC invocations=1 (full 0):
 garbage-first heap   total 262144K, used 4619K [0x0000000701e00000, 0x0000000800000000)
  region size 1024K, 3 young (3072K), 3 survivors (3072K)
 Metaspace       used 12727K, capacity 12933K, committed 13056K, reserved 1060864K
  class space    used 1173K, capacity 1246K, committed 1280K, reserved 1048576K
}
Event: 1.561 GC heap before
{Heap before GC invocations=1 (full 0):
 garbage-first heap   total 262144K, used 71179K [0x0000000701e00000, 0x0000000800000000)
  region size 1024K, 69 young (70656K), 3 survivors (3072K)
 Metaspace       used 20958K, capacity 21201K, committed 21248K, reserved 1069056K
  class space    used 1919K, capacity 2039K, committed 2048K, reserved 1048576K
}
Event: 1.574 GC heap after
{Heap after GC invocations=2 (full 0):
 garbage-first heap   total 262144K, used 15029K [0x0000000701e00000, 0x0000000800000000)
  region size 1024K, 14 young (14336K), 14 survivors (14336K)
 Metaspace       used 20958K, capacity 21201K, committed 21248K, reserved 1069056K
  class space    used 1919K, capacity 2039K, committed 2048K, reserved 1048576K
}
Event: 2.058 GC heap before
{Heap before GC invocations=3 (full 0):
 garbage-first heap   total 262144K, used 61109K [0x0000000701e00000, 0x0000000800000000)
  region size 1024K, 59 young (60416K), 14 survivors (14336K)
 Metaspace       used 23672K, capacity 24077K, committed 24316K, reserved 1071104K
  class space    used 2240K, capacity 2405K, committed 2556K, reserved 1048576K
}
Event: 2.069 GC heap after
{Heap after GC invocations=4 (full 0):
 garbage-first heap   total 262144K, used 21127K [0x0000000701e00000, 0x0000000800000000)
  region size 1024K, 6 young (6144K), 6 survivors (6144K)
 Metaspace       used 23672K, capacity 24077K, committed 24316K, reserved 1071104K
  class space    used 2240K, capacity 2405K, committed 2556K, reserved 1048576K
}
Event: 3.213 GC heap before
{Heap before GC invocations=4 (full 0):
 garbage-first heap   total 262144K, used 102023K [0x0000000701e00000, 0x0000000800000000)
  region size 1024K, 85 young (87040K), 6 survivors (6144K)
 Metaspace       used 29261K, capacity 29862K, committed 30204K, reserved 1077248K
  class space    used 2959K, capacity 3215K, committed 3324K, reserved 1048576K
}
Event: 3.220 GC heap after
{Heap after GC invocations=5 (full 0):
 garbage-first heap   total 262144K, used 27178K [0x0000000701e00000, 0x0000000800000000)
  region size 1024K, 11 young (11264K), 11 survivors (11264K)
 Metaspace       used 29261K, capacity 29862K, committed 30204K, reserved 1077248K
  class space    used 2959K, capacity 3215K, committed 3324K, reserved 1048576K
}
Event: 6.433 GC heap before
{Heap before GC invocations=5 (full 0):
 garbage-first heap   total 262144K, used 128554K [0x0000000701e00000, 0x0000000800000000)
  region size 1024K, 110 young (112640K), 11 survivors (11264K)
 Metaspace       used 33114K, capacity 33812K, committed 33916K, reserved 1079296K
  class space    used 3376K, capacity 3633K, committed 3708K, reserved 1048576K
}
Event: 6.446 GC heap after
{Heap after GC invocations=6 (full 0):
 garbage-first heap   total 262144K, used 37157K [0x0000000701e00000, 0x0000000800000000)
  region size 1024K, 14 young (14336K), 14 survivors (14336K)
 Metaspace       used 33114K, capacity 33812K, committed 33916K, reserved 1079296K
  class space    used 3376K, capacity 3633K, committed 3708K, reserved 1048576K
}

Deoptimization events (20 events):
Event: 6.507 Thread 0x0000029e20a3f800 Uncommon trap: trap_request=0xffffff4d fr.pc=0x0000029e30e3af00 relative=0x0000000000002ae0
Event: 6.507 Thread 0x0000029e20a3f800 Uncommon trap: reason=unstable_if action=reinterpret pc=0x0000029e30e3af00 method=org.aspectj.weaver.UnresolvedType.signatureToName(Ljava/lang/String;)Ljava/lang/String; @ 5 c2
Event: 6.507 Thread 0x0000029e20a3f800 DEOPT PACKING pc=0x0000029e30e3af00 sp=0x000000a7bf4f8740
Event: 6.507 Thread 0x0000029e20a3f800 DEOPT UNPACKING pc=0x0000029e291da1af sp=0x000000a7bf4f8720 mode 2
Event: 6.507 Thread 0x0000029e20a3f800 Uncommon trap: trap_request=0xffffffc6 fr.pc=0x0000029e30d86b54 relative=0x0000000000005c34
Event: 6.507 Thread 0x0000029e20a3f800 Uncommon trap: reason=bimorphic_or_optimized_type_check action=maybe_recompile pc=0x0000029e30d86b54 method=org.aspectj.weaver.World.resolve(Lorg/aspectj/weaver/ResolvedType;)Lorg/aspectj/weaver/ResolvedType; @ 36 c2
Event: 6.507 Thread 0x0000029e20a3f800 DEOPT PACKING pc=0x0000029e30d86b54 sp=0x000000a7bf4f81b0
Event: 6.507 Thread 0x0000029e20a3f800 DEOPT UNPACKING pc=0x0000029e291da1af sp=0x000000a7bf4f8188 mode 2
Event: 6.507 Thread 0x0000029e20a3f800 Uncommon trap: trap_request=0xffffffc6 fr.pc=0x0000029e30d86b54 relative=0x0000000000005c34
Event: 6.507 Thread 0x0000029e20a3f800 Uncommon trap: reason=bimorphic_or_optimized_type_check action=maybe_recompile pc=0x0000029e30d86b54 method=org.aspectj.weaver.World.resolve(Lorg/aspectj/weaver/ResolvedType;)Lorg/aspectj/weaver/ResolvedType; @ 36 c2
Event: 6.507 Thread 0x0000029e20a3f800 DEOPT PACKING pc=0x0000029e30d86b54 sp=0x000000a7bf4f81b0
Event: 6.507 Thread 0x0000029e20a3f800 DEOPT UNPACKING pc=0x0000029e291da1af sp=0x000000a7bf4f8188 mode 2
Event: 6.507 Thread 0x0000029e20a3f800 Uncommon trap: trap_request=0xffffffc6 fr.pc=0x0000029e30d86b54 relative=0x0000000000005c34
Event: 6.507 Thread 0x0000029e20a3f800 Uncommon trap: reason=bimorphic_or_optimized_type_check action=maybe_recompile pc=0x0000029e30d86b54 method=org.aspectj.weaver.World.resolve(Lorg/aspectj/weaver/ResolvedType;)Lorg/aspectj/weaver/ResolvedType; @ 36 c2
Event: 6.507 Thread 0x0000029e20a3f800 DEOPT PACKING pc=0x0000029e30d86b54 sp=0x000000a7bf4f8390
Event: 6.507 Thread 0x0000029e20a3f800 DEOPT UNPACKING pc=0x0000029e291da1af sp=0x000000a7bf4f8368 mode 2
Event: 6.565 Thread 0x0000029e20a3f800 Uncommon trap: trap_request=0xffffff4d fr.pc=0x0000029e30edcb18 relative=0x0000000000006158
Event: 6.565 Thread 0x0000029e20a3f800 Uncommon trap: reason=unstable_if action=reinterpret pc=0x0000029e30edcb18 method=org.aspectj.weaver.TypeFactory.createTypeFromSignature(Ljava/lang/String;)Lorg/aspectj/weaver/UnresolvedType; @ 348 c2
Event: 6.565 Thread 0x0000029e20a3f800 DEOPT PACKING pc=0x0000029e30edcb18 sp=0x000000a7bf4f8440
Event: 6.565 Thread 0x0000029e20a3f800 DEOPT UNPACKING pc=0x0000029e291da1af sp=0x000000a7bf4f8410 mode 2

Classes redefined (0 events):
No events

Internal exceptions (20 events):
Event: 6.041 Thread 0x0000029e20a3f800 Implicit null exception at 0x0000029e30d14778 to 0x0000029e30d1480a
Event: 6.041 Thread 0x0000029e20a3f800 Implicit null exception at 0x0000029e30cdf5af to 0x0000029e30cdf629
Event: 6.060 Thread 0x0000029e20a3f800 Implicit null exception at 0x0000029e30cfe775 to 0x0000029e30cfe944
Event: 6.154 Thread 0x0000029e20a3f800 Exception <a 'java/lang/NoSuchMethodError'{0x000000070f32b608}: 'java.lang.Object java.lang.invoke.DirectMethodHandle$Holder.invokeStatic(java.lang.Object, java.lang.Object, java.lang.Object, java.lang.Object, java.lang.Object, java.lang.Object, java.lang.Object, java.lang.Object, java.lang.Object, java.lang.Object, java.lang.Object, java.lang.Object, java.lang.Object, int)'> (0x000000070f32b608) thrown at [./src/hotspot/share/interpreter/linkResolver.cpp, line 773]
Event: 6.155 Thread 0x0000029e20a3f800 Exception <a 'java/lang/NoSuchMethodError'{0x000000070f339268}: 'java.lang.Object java.lang.invoke.DirectMethodHandle$Holder.invokeStatic(java.lang.Object, java.lang.Object, java.lang.Object, java.lang.Object, java.lang.Object, java.lang.Object, java.lang.Object, java.lang.Object, java.lang.Object, java.lang.Object, java.lang.Object, java.lang.Object, java.lang.Object, int, int)'> (0x000000070f339268) thrown at [./src/hotspot/share/interpreter/linkResolver.cpp, line 773]
Event: 6.157 Thread 0x0000029e20a3f800 Exception <a 'java/lang/ArrayIndexOutOfBoundsException'{0x000000070f3730c0}: Index 11 out of bounds for length 11> (0x000000070f3730c0) thrown at [./src/hotspot/share/interpreter/interpreterRuntime.cpp, line 444]
Event: 6.157 Thread 0x0000029e20a3f800 Exception <a 'java/lang/ArrayIndexOutOfBoundsException'{0x000000070f373688}: Index 11 out of bounds for length 11> (0x000000070f373688) thrown at [./src/hotspot/share/interpreter/interpreterRuntime.cpp, line 444]
Event: 6.157 Thread 0x0000029e20a3f800 Exception <a 'java/lang/ArrayIndexOutOfBoundsException'{0x000000070f373c50}: Index 11 out of bounds for length 11> (0x000000070f373c50) thrown at [./src/hotspot/share/interpreter/interpreterRuntime.cpp, line 444]
Event: 6.157 Thread 0x0000029e20a3f800 Exception <a 'java/lang/ArrayIndexOutOfBoundsException'{0x000000070f3750d8}: Index 9 out of bounds for length 9> (0x000000070f3750d8) thrown at [./src/hotspot/share/interpreter/interpreterRuntime.cpp, line 444]
Event: 6.157 Thread 0x0000029e20a3f800 Exception <a 'java/lang/ArrayIndexOutOfBoundsException'{0x000000070f3756a0}: Index 9 out of bounds for length 9> (0x000000070f3756a0) thrown at [./src/hotspot/share/interpreter/interpreterRuntime.cpp, line 444]
Event: 6.157 Thread 0x0000029e20a3f800 Exception <a 'java/lang/ArrayIndexOutOfBoundsException'{0x000000070f375c68}: Index 9 out of bounds for length 9> (0x000000070f375c68) thrown at [./src/hotspot/share/interpreter/interpreterRuntime.cpp, line 444]
Event: 6.158 Thread 0x0000029e20a3f800 Exception <a 'java/lang/ArrayIndexOutOfBoundsException'{0x000000070f37c4f8}> (0x000000070f37c4f8) thrown at [./src/hotspot/share/runtime/sharedRuntime.cpp, line 606]
Event: 6.158 Thread 0x0000029e20a3f800 Exception <a 'java/lang/ArrayIndexOutOfBoundsException'{0x000000070f37cd68}> (0x000000070f37cd68) thrown at [./src/hotspot/share/runtime/sharedRuntime.cpp, line 606]
Event: 6.158 Thread 0x0000029e20a3f800 Exception <a 'java/lang/ArrayIndexOutOfBoundsException'{0x000000070f37d330}: Index 7 out of bounds for length 7> (0x000000070f37d330) thrown at [./src/hotspot/share/interpreter/interpreterRuntime.cpp, line 444]
Event: 6.158 Thread 0x0000029e20a3f800 Exception <a 'java/lang/ArrayIndexOutOfBoundsException'{0x000000070f380458}> (0x000000070f380458) thrown at [./src/hotspot/share/runtime/sharedRuntime.cpp, line 606]
Event: 6.158 Thread 0x0000029e20a3f800 Exception <a 'java/lang/ArrayIndexOutOfBoundsException'{0x000000070f380f40}> (0x000000070f380f40) thrown at [./src/hotspot/share/runtime/sharedRuntime.cpp, line 606]
Event: 6.158 Thread 0x0000029e20a3f800 Exception <a 'java/lang/ArrayIndexOutOfBoundsException'{0x000000070f381508}: Index 7 out of bounds for length 7> (0x000000070f381508) thrown at [./src/hotspot/share/interpreter/interpreterRuntime.cpp, line 444]
Event: 6.158 Thread 0x0000029e20a3f800 Exception <a 'java/lang/ArrayIndexOutOfBoundsException'{0x000000070f384360}> (0x000000070f384360) thrown at [./src/hotspot/share/runtime/sharedRuntime.cpp, line 606]
Event: 6.158 Thread 0x0000029e20a3f800 Exception <a 'java/lang/ArrayIndexOutOfBoundsException'{0x000000070f384bd0}> (0x000000070f384bd0) thrown at [./src/hotspot/share/runtime/sharedRuntime.cpp, line 606]
Event: 6.158 Thread 0x0000029e20a3f800 Exception <a 'java/lang/ArrayIndexOutOfBoundsException'{0x000000070f385198}: Index 7 out of bounds for length 7> (0x000000070f385198) thrown at [./src/hotspot/share/interpreter/interpreterRuntime.cpp, line 444]

Events (20 events):
Event: 6.593 loading class io/qameta/allure/internal/shadowed/jackson/databind/ser/std/NumberSerializers$DoubleSerializer done
Event: 6.593 loading class io/qameta/allure/internal/shadowed/jackson/databind/ser/std/NumberSerializers$FloatSerializer
Event: 6.593 loading class io/qameta/allure/internal/shadowed/jackson/databind/ser/std/NumberSerializers$FloatSerializer done
Event: 6.593 loading class io/qameta/allure/internal/shadowed/jackson/databind/ser/std/BooleanSerializer
Event: 6.593 loading class io/qameta/allure/internal/shadowed/jackson/databind/ser/std/BooleanSerializer done
Event: 6.594 loading class io/qameta/allure/internal/shadowed/jackson/databind/ser/std/BooleanSerializer$AsNumber
Event: 6.594 loading class io/qameta/allure/internal/shadowed/jackson/databind/ser/std/BooleanSerializer$AsNumber done
Event: 6.594 loading class io/qameta/allure/internal/shadowed/jackson/databind/ser/std/NumberSerializer$BigDecimalAsStringSerializer
Event: 6.594 loading class io/qameta/allure/internal/shadowed/jackson/databind/ser/std/NumberSerializer$BigDecimalAsStringSerializer done
Event: 6.595 loading class io/qameta/allure/internal/shadowed/jackson/databind/ser/std/StdJdkSerializers
Event: 6.595 loading class io/qameta/allure/internal/shadowed/jackson/databind/ser/std/StdJdkSerializers done
Event: 6.596 loading class java/util/Currency
Event: 6.596 loading class java/util/Currency done
Event: 6.596 loading class io/qameta/allure/internal/shadowed/jackson/databind/ser/std/UUIDSerializer
Event: 6.596 loading class io/qameta/allure/internal/shadowed/jackson/databind/ser/std/UUIDSerializer done
Event: 6.597 loading class io/qameta/allure/internal/shadowed/jackson/databind/ser/std/StdJdkSerializers$AtomicBooleanSerializer
Event: 6.597 loading class io/qameta/allure/internal/shadowed/jackson/databind/ser/std/StdJdkSerializers$AtomicBooleanSerializer done
Event: 6.598 loading class io/qameta/allure/internal/shadowed/jackson/databind/ser/std/StdJdkSerializers$AtomicIntegerSerializer
Event: 6.598 loading class io/qameta/allure/internal/shadowed/jackson/databind/ser/std/StdJdkSerializers$AtomicIntegerSerializer done
Event: 6.598 loading class io/qameta/allure/internal/shadowed/jackson/databind/ser/std/StdJdkSerializers$AtomicLongSerializer


Dynamic libraries:
0x00007ff78b330000 - 0x00007ff78b33d000 	C:\Users\ChVN\.jdks\corretto-11.0.15\bin\java.exe
0x00007fffd7870000 - 0x00007fffd7a65000 	C:\Windows\SYSTEM32\ntdll.dll
0x00007fffd6180000 - 0x00007fffd623d000 	C:\Windows\System32\KERNEL32.DLL
0x00007fffd5420000 - 0x00007fffd56ed000 	C:\Windows\System32\KERNELBASE.dll
0x00007fffd09a0000 - 0x00007fffd0a30000 	C:\Windows\SYSTEM32\apphelp.dll
0x00007fffd5790000 - 0x00007fffd5890000 	C:\Windows\System32\ucrtbase.dll
0x00007fffc4d30000 - 0x00007fffc4d47000 	C:\Users\ChVN\.jdks\corretto-11.0.15\bin\jli.dll
0x00007fffcd960000 - 0x00007fffcd979000 	C:\Users\ChVN\.jdks\corretto-11.0.15\bin\VCRUNTIME140.dll
0x00007fffd5940000 - 0x00007fffd5ae0000 	C:\Windows\System32\USER32.dll
0x00007fffd5090000 - 0x00007fffd50b2000 	C:\Windows\System32\win32u.dll
0x00007fffc0240000 - 0x00007fffc04da000 	C:\Windows\WinSxS\amd64_microsoft.windows.common-controls_6595b64144ccf1df_6.0.19041.1110_none_60b5254171f9507e\COMCTL32.dll
0x00007fffd66f0000 - 0x00007fffd671a000 	C:\Windows\System32\GDI32.dll
0x00007fffd7320000 - 0x00007fffd73be000 	C:\Windows\System32\msvcrt.dll
0x00007fffd4f80000 - 0x00007fffd508b000 	C:\Windows\System32\gdi32full.dll
0x00007fffd56f0000 - 0x00007fffd578d000 	C:\Windows\System32\msvcp_win.dll
0x00007fffd6900000 - 0x00007fffd6930000 	C:\Windows\System32\IMM32.DLL
0x00007fffad700000 - 0x00007fffad79b000 	C:\Users\ChVN\.jdks\corretto-11.0.15\bin\msvcp140.dll
0x00007fff70d80000 - 0x00007fff71903000 	C:\Users\ChVN\.jdks\corretto-11.0.15\bin\server\jvm.dll
0x00007fffd76b0000 - 0x00007fffd775e000 	C:\Windows\System32\ADVAPI32.dll
0x00007fffd75b0000 - 0x00007fffd764c000 	C:\Windows\System32\sechost.dll
0x00007fffd6240000 - 0x00007fffd6365000 	C:\Windows\System32\RPCRT4.dll
0x00007fffd73c0000 - 0x00007fffd73c8000 	C:\Windows\System32\PSAPI.DLL
0x00007fffd0d10000 - 0x00007fffd0d19000 	C:\Windows\SYSTEM32\WSOCK32.dll
0x00007fffc4740000 - 0x00007fffc4767000 	C:\Windows\SYSTEM32\WINMM.dll
0x00007fffce4e0000 - 0x00007fffce4ea000 	C:\Windows\SYSTEM32\VERSION.dll
0x00007fffd6110000 - 0x00007fffd617b000 	C:\Windows\System32\WS2_32.dll
0x00007fffd2d70000 - 0x00007fffd2d82000 	C:\Windows\SYSTEM32\kernel.appcore.dll
0x00007fffd0df0000 - 0x00007fffd0e00000 	C:\Users\ChVN\.jdks\corretto-11.0.15\bin\verify.dll
0x00007fffd2740000 - 0x00007fffd2924000 	C:\Windows\SYSTEM32\DBGHELP.DLL
0x00007fffb4070000 - 0x00007fffb409c000 	C:\Windows\SYSTEM32\dbgcore.DLL
0x00007fffd5390000 - 0x00007fffd5412000 	C:\Windows\System32\bcryptPrimitives.dll
0x00007fffc4d00000 - 0x00007fffc4d28000 	C:\Users\ChVN\.jdks\corretto-11.0.15\bin\java.dll
0x00007fffd0d70000 - 0x00007fffd0d7a000 	C:\Users\ChVN\.jdks\corretto-11.0.15\bin\jimage.dll
0x00007fffd0d80000 - 0x00007fffd0d8e000 	C:\Users\ChVN\.jdks\corretto-11.0.15\bin\instrument.dll
0x00007fffc4ce0000 - 0x00007fffc4cf8000 	C:\Users\ChVN\.jdks\corretto-11.0.15\bin\zip.dll
0x00007fffd6b10000 - 0x00007fffd7254000 	C:\Windows\System32\SHELL32.dll
0x00007fffd3c50000 - 0x00007fffd43e4000 	C:\Windows\SYSTEM32\windows.storage.dll
0x00007fffd6370000 - 0x00007fffd66c4000 	C:\Windows\System32\combase.dll
0x00007fffd4910000 - 0x00007fffd493c000 	C:\Windows\SYSTEM32\Wldp.dll
0x00007fffd7260000 - 0x00007fffd730d000 	C:\Windows\System32\SHCORE.dll
0x00007fffd7650000 - 0x00007fffd76a5000 	C:\Windows\System32\shlwapi.dll
0x00007fffd4ec0000 - 0x00007fffd4edf000 	C:\Windows\SYSTEM32\profapi.dll
0x00007fffc2860000 - 0x00007fffc2879000 	C:\Users\ChVN\.jdks\corretto-11.0.15\bin\net.dll
0x00007fffcdf80000 - 0x00007fffce08a000 	C:\Windows\SYSTEM32\WINHTTP.dll
0x00007fffd3b80000 - 0x00007fffd3bea000 	C:\Windows\system32\mswsock.dll
0x00007fffc1db0000 - 0x00007fffc1dc3000 	C:\Users\ChVN\.jdks\corretto-11.0.15\bin\nio.dll
0x00007fffc4c60000 - 0x00007fffc4c7a000 	C:\Program Files\JetBrains\IntelliJ IDEA Community Edition 2022.1\bin\breakgen64.dll
0x00007fffcd940000 - 0x00007fffcd949000 	C:\Users\ChVN\.jdks\corretto-11.0.15\bin\management.dll
0x00007fffcd930000 - 0x00007fffcd93b000 	C:\Users\ChVN\.jdks\corretto-11.0.15\bin\management_ext.dll
0x00007fffbc7c0000 - 0x00007fffbc7d7000 	C:\Windows\system32\napinsp.dll
0x00007fffbb3a0000 - 0x00007fffbb3bb000 	C:\Windows\system32\pnrpnsp.dll
0x00007fffae550000 - 0x00007fffae565000 	C:\Windows\system32\wshbth.dll
0x00007fffd0cd0000 - 0x00007fffd0ced000 	C:\Windows\system32\NLAapi.dll
0x00007fffd3870000 - 0x00007fffd38ab000 	C:\Windows\SYSTEM32\IPHLPAPI.DLL
0x00007fffd38b0000 - 0x00007fffd397b000 	C:\Windows\SYSTEM32\DNSAPI.dll
0x00007fffd7310000 - 0x00007fffd7318000 	C:\Windows\System32\NSI.dll
0x00007fffbb250000 - 0x00007fffbb262000 	C:\Windows\System32\winrnr.dll
0x00007fffcddd0000 - 0x00007fffcddda000 	C:\Windows\System32\rasadhlp.dll
0x00007fffcd530000 - 0x00007fffcd5b0000 	C:\Windows\System32\fwpuclnt.dll
0x00007fffd5890000 - 0x00007fffd58b7000 	C:\Windows\System32\bcrypt.dll
0x00007fffb6f50000 - 0x00007fffb6f75000 	C:\Users\ChVN\.jdks\corretto-11.0.15\bin\sunec.dll
0x00007fffd4860000 - 0x00007fffd4878000 	C:\Windows\SYSTEM32\CRYPTSP.dll
0x0000000068930000 - 0x0000000068941000 	C:\Program Files\Common Files\Crypto Pro\AppCompat\cpadvai.dll
0x0000000068950000 - 0x0000000068957000 	C:\Program Files\Common Files\Crypto Pro\AppCompat\detoured.dll
0x00007fffd3500000 - 0x00007fffd3534000 	C:\Windows\system32\rsaenh.dll
0x00007fffd4e80000 - 0x00007fffd4eae000 	C:\Windows\SYSTEM32\USERENV.dll
0x00007fffd4880000 - 0x00007fffd488c000 	C:\Windows\SYSTEM32\CRYPTBASE.dll
0x00007fffd0500000 - 0x00007fffd0517000 	C:\Windows\SYSTEM32\dhcpcsvc6.DLL
0x00007fffd0010000 - 0x00007fffd002d000 	C:\Windows\SYSTEM32\dhcpcsvc.DLL
0x00007fffc4dd0000 - 0x00007fffc4dde000 	C:\Users\ChVN\.jdks\corretto-11.0.15\bin\sunmscapi.dll
0x00007fffd51c0000 - 0x00007fffd5316000 	C:\Windows\System32\CRYPT32.dll
0x00007fffd4980000 - 0x00007fffd49a7000 	C:\Windows\SYSTEM32\ncrypt.dll
0x0000000068960000 - 0x000000006897f000 	C:\Program Files\Common Files\Crypto Pro\AppCompat\cpcrypt.dll
0x00007fffd4940000 - 0x00007fffd497b000 	C:\Windows\SYSTEM32\NTASN1.dll

dbghelp: loaded successfully - version: 4.0.5 - missing functions: none
symbol engine: initialized successfully - sym options: 0x614 - pdb path: .;C:\Users\ChVN\.jdks\corretto-11.0.15\bin;C:\Windows\SYSTEM32;C:\Windows\WinSxS\amd64_microsoft.windows.common-controls_6595b64144ccf1df_6.0.19041.1110_none_60b5254171f9507e;C:\Users\ChVN\.jdks\corretto-11.0.15\bin\server;C:\Program Files\JetBrains\IntelliJ IDEA Community Edition 2022.1\bin;C:\Program Files\Common Files\Crypto Pro\AppCompat

VM Arguments:
jvm_args: -ea -javaagent:C:\Users\ChVN\.m2\repository/org/aspectj/aspectjweaver/1.9.7/aspectjweaver-1.9.7.jar -Didea.test.cyclic.buffer.size=1048576 -javaagent:C:\Program Files\JetBrains\IntelliJ IDEA Community Edition 2022.1\lib\idea_rt.jar=59922:C:\Program Files\JetBrains\IntelliJ IDEA Community Edition 2022.1\bin -Dfile.encoding=UTF-8 
java_command: com.intellij.rt.junit.JUnitStarter -ideVersion5 -junit4 ConstructorTest
java_class_path (initial): C:\Program Files\JetBrains\IntelliJ IDEA Community Edition 2022.1\lib\idea_rt.jar;C:\Program Files\JetBrains\IntelliJ IDEA Community Edition 2022.1\plugins\junit\lib\junit5-rt.jar;C:\Program Files\JetBrains\IntelliJ IDEA Community Edition 2022.1\plugins\junit\lib\junit-rt.jar;F:\Diplom\Diplom_3\target\test-classes;F:\Diplom\Diplom_3\target\classes;C:\Users\ChVN\.m2\repository\org\json\json\20211205\json-20211205.jar;C:\Users\ChVN\.m2\repository\io\rest-assured\rest-assured\4.5.0\rest-assured-4.5.0.jar;C:\Users\ChVN\.m2\repository\org\codehaus\groovy\groovy\3.0.9\groovy-3.0.9.jar;C:\Users\ChVN\.m2\repository\org\codehaus\groovy\groovy-xml\3.0.9\groovy-xml-3.0.9.jar;C:\Users\ChVN\.m2\repository\org\apache\httpcomponents\httpclient\4.5.13\httpclient-4.5.13.jar;C:\Users\ChVN\.m2\repository\org\apache\httpcomponents\httpcore\4.4.13\httpcore-4.4.13.jar;C:\Users\ChVN\.m2\repository\commons-logging\commons-logging\1.2\commons-logging-1.2.jar;C:\Users\ChVN\.m2\repository\commons-codec\commons-codec\1.11\commons-codec-1.11.jar;C:\Users\ChVN\.m2\repository\org\apache\httpcomponents\httpmime\4.5.13\httpmime-4.5.13.jar;C:\Users\ChVN\.m2\repository\org\hamcrest\hamcrest\2.1\hamcrest-2.1.jar;C:\Users\ChVN\.m2\repository\org\ccil\cowan\tagsoup\tagsoup\1.2.1\tagsoup-1.2.1.jar;C:\Users\ChVN\.m2\repository\io\rest-assured\json-path\4.5.0\json-path-4.5.0.jar;C:\Users\ChVN\.m2\repository\org\codehaus\groovy\groovy-json\3.0.9\groovy-json-3.0.9.jar;C:\Users\ChVN\.m2\repository\io\rest-assured\rest-assured-common\4.5.0\rest-assured-common-4.5.0.jar;C:\Users\ChVN\.m2\repository\io\rest-assured\xml-path\4.5.0\xml-path-4.5.0.jar;C:\Users\ChVN\.m2\repository\com\github\javafaker\javafaker\1.0.2\javafaker-1.0.2.jar;C:\Users\ChVN\.m2\repository\org\apache\commons\commons-lang3\3.5\commons-lang3-3.5.jar;C:\Users\ChVN\.m2\repository\org\yaml\snakeyaml\1.23\snakeyaml-1.23-android.jar;C:\Users\ChVN\.m2\repository\com\github\mifmif\generex\1.0.2\generex-1.0.2.jar;C:\Users
Launcher Type: SUN_STANDARD

[Global flags]
     intx CICompilerCount                          = 4                                         {product} {ergonomic}
     uint ConcGCThreads                            = 2                                         {product} {ergonomic}
     uint G1ConcRefinementThreads                  = 8                                         {product} {ergonomic}
   size_t G1HeapRegionSize                         = 1048576                                   {product} {ergonomic}
    uintx GCDrainStackTargetSize                   = 64                                        {product} {ergonomic}
   size_t InitialHeapSize                          = 268435456                                 {product} {ergonomic}
   size_t MarkStackSize                            = 4194304                                   {product} {ergonomic}
   size_t MaxHeapSize                              = 4263510016                                {product} {ergonomic}
   size_t MaxNewSize                               = 2557476864                                {product} {ergonomic}
   size_t MinHeapDeltaBytes                        = 1048576                                   {product} {ergonomic}
    uintx NonNMethodCodeHeapSize                   = 5836300                                {pd product} {ergonomic}
    uintx NonProfiledCodeHeapSize                  = 122910970                              {pd product} {ergonomic}
    uintx ProfiledCodeHeapSize                     = 122910970                              {pd product} {ergonomic}
    uintx ReservedCodeCacheSize                    = 251658240                              {pd product} {ergonomic}
     bool SegmentedCodeCache                       = true                                      {product} {ergonomic}
     bool UseCompressedClassPointers               = true                                 {lp64_product} {ergonomic}
     bool UseCompressedOops                        = true                                 {lp64_product} {ergonomic}
     bool UseG1GC                                  = true                                      {product} {ergonomic}
     bool UseLargePagesIndividualAllocation        = false                                  {pd product} {ergonomic}

Logging:
Log output configuration:
 #0: stdout all=warning uptime,level,tags
 #1: stderr all=off uptime,level,tags

Environment Variables:
JAVA_HOME=c:\Program Files\Amazon Corretto\jdk11.0.15_9\
PATH=C:\Program Files\Amazon Corretto\jdk11.0.15_9\bin;C:\Windows\system32;C:\Windows;C:\Windows\System32\Wbem;C:\Windows\System32\WindowsPowerShell\v1.0\;C:\Windows\System32\OpenSSH\;C:\Program Files\PuTTY\;C:\Program Files\Git\cmd;c:\Program Files\Amazon Corretto\jdk11.0.15_9\\bin;F:\Allure\allure-2.17.3\bin;C:\Program Files\TortoiseSVN\bin;C:\Program Files (x86)\NVIDIA Corporation\PhysX\Common;C:\Program Files\NVIDIA Corporation\NVIDIA NvDLISR;C:\Program Files\Docker\Docker\resources\bin;C:\ProgramData\DockerDesktop\version-bin;C:\Users\ChVN\AppData\Local\Microsoft\WindowsApps;C:\Program Files\JetBrains\IntelliJ IDEA Community Edition 2022.1\bin;F:\Maven\bin;C:\Users\ChVN\AppData\Local\GitHubDesktop\bin
USERNAME=ChVN
OS=Windows_NT
PROCESSOR_IDENTIFIER=Intel64 Family 6 Model 60 Stepping 3, GenuineIntel



---------------  S Y S T E M  ---------------

OS: Windows 10 , 64 bit Build 19041 (10.0.19041.1706)
OS uptime: 0 days 7:29 hours

CPU:total 8 (initial active 8) (4 cores per cpu, 2 threads per core) family 6 model 60 stepping 3 microcode 0x27, cmov, cx8, fxsr, mmx, sse, sse2, sse3, ssse3, sse4.1, sse4.2, popcnt, avx, avx2, aes, clmul, erms, lzcnt, ht, tsc, tscinvbit, bmi1, bmi2, fma

Memory: 4k page, system-wide physical 16259M (4483M free)
TotalPageFile size 16259M (AvailPageFile size 7M)
current process WorkingSet (physical memory assigned to process): 310M, peak: 314M
current process commit charge ("private bytes"): 461M, peak: 465M

vm_info: OpenJDK 64-Bit Server VM (11.0.15+9-LTS) for windows-amd64 JRE (11.0.15+9-LTS), built on Apr 15 2022 22:20:31 by "Administrator" with unknown MS VC++:1916

END.
